
Epoch 1/20 | Time: 91.6s
  Train - Loss: 0.0657 | Avg Return: -102383.23 | ε: 1.000
          IoU: 0.501 | F1: 0.643 | Acc: 0.930 | Cov: 0.565
          Rewards -> Base: -73760.42 | Cont: -50.74 | Neighbor: -28572.08
  Val   - Loss: 0.0637 | Avg Return: -30090.55
          IoU: 0.605 | F1: 0.752 | Acc: 0.941 | Cov: 0.647

Epoch 2/20 | Time: 89.2s
  Train - Loss: 0.0613 | Avg Return: -83882.72 | ε: 0.738
          IoU: 0.622 | F1: 0.761 | Acc: 0.947 | Cov: 0.694
          Rewards -> Base: -56188.75 | Cont: -1177.06 | Neighbor: -26516.91
  Val   - Loss: 0.0652 | Avg Return: -29727.35
          IoU: 0.640 | F1: 0.779 | Acc: 0.945 | Cov: 0.699

Epoch 3/20 | Time: 87.3s
  Train - Loss: 0.0628 | Avg Return: -70363.15 | ε: 0.546
          IoU: 0.651 | F1: 0.784 | Acc: 0.951 | Cov: 0.725
          Rewards -> Base: -43801.28 | Cont: -1540.00 | Neighbor: -25021.87
  Val   - Loss: 0.0733 | Avg Return: -29527.05
          IoU: 0.647 | F1: 0.784 | Acc: 0.946 | Cov: 0.710

Epoch 4/20 | Time: 85.4s
  Train - Loss: 0.0688 | Avg Return: -60235.83 | ε: 0.404
          IoU: 0.663 | F1: 0.794 | Acc: 0.953 | Cov: 0.732
          Rewards -> Base: -34684.06 | Cont: -1653.28 | Neighbor: -23898.49
  Val   - Loss: 0.0876 | Avg Return: -29568.66
          IoU: 0.649 | F1: 0.786 | Acc: 0.946 | Cov: 0.714

Epoch 5/20 | Time: 83.7s
  Train - Loss: 0.0723 | Avg Return: -52105.53 | ε: 0.300
          IoU: 0.665 | F1: 0.796 | Acc: 0.954 | Cov: 0.730
          Rewards -> Base: -27171.94 | Cont: -1631.38 | Neighbor: -23302.21
  Val   - Loss: 0.0983 | Avg Return: -29498.41
          IoU: 0.658 | F1: 0.793 | Acc: 0.946 | Cov: 0.737

Epoch 6/20 | Time: 83.5s
  Train - Loss: 0.0675 | Avg Return: -45968.14 | ε: 0.223
          IoU: 0.676 | F1: 0.803 | Acc: 0.955 | Cov: 0.740
          Rewards -> Base: -21813.53 | Cont: -1533.39 | Neighbor: -22621.22
  Val   - Loss: 0.0996 | Avg Return: -29632.12
          IoU: 0.644 | F1: 0.782 | Acc: 0.945 | Cov: 0.705

Epoch 7/20 | Time: 82.6s
  Train - Loss: 0.0711 | Avg Return: -41110.59 | ε: 0.167
          IoU: 0.682 | F1: 0.808 | Acc: 0.956 | Cov: 0.746
          Rewards -> Base: -17693.22 | Cont: -1430.26 | Neighbor: -21987.11
  Val   - Loss: 0.0951 | Avg Return: -29616.40
          IoU: 0.645 | F1: 0.782 | Acc: 0.945 | Cov: 0.706

Epoch 8/20 | Time: 81.8s
  Train - Loss: 0.0667 | Avg Return: -38239.08 | ε: 0.125
          IoU: 0.685 | F1: 0.810 | Acc: 0.957 | Cov: 0.746
          Rewards -> Base: -15055.19 | Cont: -1359.47 | Neighbor: -21824.41
  Val   - Loss: 0.0908 | Avg Return: -29779.33
          IoU: 0.635 | F1: 0.775 | Acc: 0.944 | Cov: 0.690

Epoch 9/20 | Time: 81.4s
  Train - Loss: 0.0656 | Avg Return: -35169.38 | ε: 0.095
          IoU: 0.693 | F1: 0.816 | Acc: 0.958 | Cov: 0.757
          Rewards -> Base: -12405.56 | Cont: -1246.89 | Neighbor: -21516.94
  Val   - Loss: 0.1042 | Avg Return: -29846.15
          IoU: 0.626 | F1: 0.768 | Acc: 0.943 | Cov: 0.678

Epoch 10/20 | Time: 80.6s
  Train - Loss: 0.0623 | Avg Return: -33170.24 | ε: 0.072
          IoU: 0.699 | F1: 0.821 | Acc: 0.959 | Cov: 0.760
          Rewards -> Base: -10669.94 | Cont: -1187.50 | Neighbor: -21312.80
  Val   - Loss: 0.0954 | Avg Return: -29822.45
          IoU: 0.638 | F1: 0.777 | Acc: 0.944 | Cov: 0.701

Epoch 11/20 | Time: 80.8s
  Train - Loss: 0.0577 | Avg Return: -31806.43 | ε: 0.056
          IoU: 0.706 | F1: 0.826 | Acc: 0.960 | Cov: 0.768
          Rewards -> Base: -9435.72 | Cont: -1151.25 | Neighbor: -21219.46
  Val   - Loss: 0.0981 | Avg Return: -29739.87
          IoU: 0.654 | F1: 0.790 | Acc: 0.945 | Cov: 0.745

Epoch 12/20 | Time: 80.7s
  Train - Loss: 0.0566 | Avg Return: -31570.90 | ε: 0.044
          IoU: 0.711 | F1: 0.830 | Acc: 0.960 | Cov: 0.772
          Rewards -> Base: -9247.14 | Cont: -1129.90 | Neighbor: -21193.86
  Val   - Loss: 0.0992 | Avg Return: -29913.07
          IoU: 0.637 | F1: 0.776 | Acc: 0.943 | Cov: 0.709

Epoch 13/20 | Time: 80.6s
  Train - Loss: 0.0549 | Avg Return: -30448.42 | ε: 0.035
          IoU: 0.716 | F1: 0.833 | Acc: 0.961 | Cov: 0.778
          Rewards -> Base: -8255.39 | Cont: -1097.15 | Neighbor: -21095.88
  Val   - Loss: 0.0965 | Avg Return: -29766.79
          IoU: 0.645 | F1: 0.783 | Acc: 0.944 | Cov: 0.721

Epoch 14/20 | Time: 80.6s
  Train - Loss: 0.0551 | Avg Return: -29851.25 | ε: 0.028
          IoU: 0.723 | F1: 0.837 | Acc: 0.962 | Cov: 0.786
          Rewards -> Base: -7748.61 | Cont: -1078.75 | Neighbor: -21023.89
  Val   - Loss: 0.1086 | Avg Return: -30029.94
          IoU: 0.632 | F1: 0.773 | Acc: 0.943 | Cov: 0.702

Epoch 15/20 | Time: 80.7s
  Train - Loss: 0.0557 | Avg Return: -29475.98 | ε: 0.023
          IoU: 0.722 | F1: 0.837 | Acc: 0.962 | Cov: 0.782
          Rewards -> Base: -7403.53 | Cont: -1068.85 | Neighbor: -21003.60
  Val   - Loss: 0.1063 | Avg Return: -29826.23
          IoU: 0.638 | F1: 0.777 | Acc: 0.944 | Cov: 0.708

Epoch 16/20 | Time: 81.3s
  Train - Loss: 0.0530 | Avg Return: -28728.85 | ε: 0.020
          IoU: 0.729 | F1: 0.842 | Acc: 0.963 | Cov: 0.791
          Rewards -> Base: -6687.11 | Cont: -1054.18 | Neighbor: -20987.55
  Val   - Loss: 0.1027 | Avg Return: -30049.68
          IoU: 0.638 | F1: 0.778 | Acc: 0.943 | Cov: 0.719

Epoch 17/20 | Time: 81.0s
  Train - Loss: 0.0532 | Avg Return: -28538.63 | ε: 0.017
          IoU: 0.730 | F1: 0.842 | Acc: 0.963 | Cov: 0.790
          Rewards -> Base: -6542.36 | Cont: -1037.55 | Neighbor: -20958.72
  Val   - Loss: 0.1047 | Avg Return: -29924.80
          IoU: 0.639 | F1: 0.778 | Acc: 0.943 | Cov: 0.715

Epoch 18/20 | Time: 81.8s
  Train - Loss: 0.0526 | Avg Return: -28542.25 | ε: 0.015
          IoU: 0.733 | F1: 0.845 | Acc: 0.963 | Cov: 0.793
          Rewards -> Base: -6538.31 | Cont: -1042.73 | Neighbor: -20961.22
  Val   - Loss: 0.1128 | Avg Return: -30029.88
          IoU: 0.631 | F1: 0.772 | Acc: 0.942 | Cov: 0.703

Epoch 19/20 | Time: 81.2s
  Train - Loss: 0.0511 | Avg Return: -28228.74 | ε: 0.014
          IoU: 0.734 | F1: 0.845 | Acc: 0.963 | Cov: 0.796
          Rewards -> Base: -6250.53 | Cont: -1037.13 | Neighbor: -20941.08
  Val   - Loss: 0.1074 | Avg Return: -30025.12
          IoU: 0.634 | F1: 0.774 | Acc: 0.943 | Cov: 0.708

Epoch 20/20 | Time: 80.4s
  Train - Loss: 0.0500 | Avg Return: -28378.68 | ε: 0.013
          IoU: 0.739 | F1: 0.848 | Acc: 0.964 | Cov: 0.801
          Rewards -> Base: -6375.11 | Cont: -1049.22 | Neighbor: -20954.34
  Val   - Loss: 0.1066 | Avg Return: -30088.77
          IoU: 0.635 | F1: 0.775 | Acc: 0.943 | Cov: 0.713
