
Epoch 1/20 | Time: 43.7s
  Train - Loss: 0.0050 | Avg Return: -18.11 | ε: 1.000
          IoU: 0.063 | F1: 0.112 | Acc: 0.579 | Cov: 0.399
          Rewards -> Base: -18.01 | Cont: -0.10
  Val   - Loss: 0.1003 | Avg Return: -5.18
          IoU: 0.000 | F1: 0.000 | Acc: 0.859 | Cov: 0.000

Epoch 2/20 | Time: 44.7s
  Train - Loss: 0.0025 | Avg Return: -15.13 | ε: 0.738
          IoU: 0.000 | F1: 0.001 | Acc: 0.870 | Cov: 0.000
          Rewards -> Base: -14.29 | Cont: -0.84
  Val   - Loss: 0.0046 | Avg Return: -5.04
          IoU: 0.000 | F1: 0.000 | Acc: 0.860 | Cov: 0.000

Epoch 3/20 | Time: 44.7s
  Train - Loss: 0.0029 | Avg Return: -12.93 | ε: 0.546
          IoU: 0.000 | F1: 0.000 | Acc: 0.871 | Cov: 0.000
          Rewards -> Base: -11.98 | Cont: -0.95
  Val   - Loss: 0.0055 | Avg Return: -5.04
          IoU: 0.000 | F1: 0.000 | Acc: 0.860 | Cov: 0.000

Epoch 4/20 | Time: 44.3s
  Train - Loss: 0.0031 | Avg Return: -10.98 | ε: 0.404
          IoU: 0.000 | F1: 0.000 | Acc: 0.871 | Cov: 0.000
          Rewards -> Base: -10.05 | Cont: -0.92
  Val   - Loss: 0.0052 | Avg Return: -5.19
          IoU: 0.000 | F1: 0.001 | Acc: 0.860 | Cov: 0.000

Epoch 5/20 | Time: 44.6s
  Train - Loss: 0.0040 | Avg Return: -9.24 | ε: 0.300
          IoU: 0.024 | F1: 0.044 | Acc: 0.871 | Cov: 0.025
          Rewards -> Base: -8.50 | Cont: -0.74
  Val   - Loss: 0.0043 | Avg Return: -5.56
          IoU: 0.072 | F1: 0.133 | Acc: 0.866 | Cov: 0.074

Epoch 6/20 | Time: 44.9s
  Train - Loss: 0.0048 | Avg Return: -8.22 | ε: 0.223
          IoU: 0.099 | F1: 0.175 | Acc: 0.878 | Cov: 0.106
          Rewards -> Base: -7.63 | Cont: -0.59
  Val   - Loss: 0.0087 | Avg Return: -5.02
          IoU: 0.160 | F1: 0.274 | Acc: 0.876 | Cov: 0.169

Epoch 7/20 | Time: 44.9s
  Train - Loss: 0.0089 | Avg Return: -7.11 | ε: 0.167
          IoU: 0.119 | F1: 0.206 | Acc: 0.881 | Cov: 0.126
          Rewards -> Base: -6.55 | Cont: -0.55
  Val   - Loss: 0.0190 | Avg Return: -5.44
          IoU: 0.066 | F1: 0.123 | Acc: 0.868 | Cov: 0.067

Epoch 8/20 | Time: 44.9s
  Train - Loss: 0.0096 | Avg Return: -6.53 | ε: 0.125
          IoU: 0.139 | F1: 0.239 | Acc: 0.881 | Cov: 0.150
          Rewards -> Base: -6.02 | Cont: -0.51
  Val   - Loss: 0.0157 | Avg Return: -5.23
          IoU: 0.136 | F1: 0.238 | Acc: 0.872 | Cov: 0.144

Epoch 9/20 | Time: 45.0s
  Train - Loss: 0.0082 | Avg Return: -5.89 | ε: 0.095
          IoU: 0.177 | F1: 0.294 | Acc: 0.882 | Cov: 0.201
          Rewards -> Base: -5.49 | Cont: -0.40
  Val   - Loss: 0.0162 | Avg Return: -5.13
          IoU: 0.170 | F1: 0.289 | Acc: 0.874 | Cov: 0.186

Epoch 10/20 | Time: 45.1s
  Train - Loss: 0.0072 | Avg Return: -5.72 | ε: 0.072
          IoU: 0.180 | F1: 0.298 | Acc: 0.879 | Cov: 0.209
          Rewards -> Base: -5.37 | Cont: -0.35
  Val   - Loss: 0.0135 | Avg Return: -4.90
          IoU: 0.204 | F1: 0.336 | Acc: 0.876 | Cov: 0.228

Epoch 11/20 | Time: 45.3s
  Train - Loss: 0.0057 | Avg Return: -5.38 | ε: 0.056
          IoU: 0.200 | F1: 0.327 | Acc: 0.881 | Cov: 0.235
          Rewards -> Base: -5.01 | Cont: -0.37
  Val   - Loss: 0.0119 | Avg Return: -4.79
          IoU: 0.228 | F1: 0.370 | Acc: 0.876 | Cov: 0.265

Epoch 12/20 | Time: 45.3s
  Train - Loss: 0.0044 | Avg Return: -5.24 | ε: 0.044
          IoU: 0.202 | F1: 0.329 | Acc: 0.883 | Cov: 0.234
          Rewards -> Base: -4.93 | Cont: -0.31
  Val   - Loss: 0.0129 | Avg Return: -4.75
          IoU: 0.218 | F1: 0.355 | Acc: 0.879 | Cov: 0.243

Epoch 13/20 | Time: 45.1s
  Train - Loss: 0.0042 | Avg Return: -4.90 | ε: 0.035
          IoU: 0.205 | F1: 0.332 | Acc: 0.884 | Cov: 0.235
          Rewards -> Base: -4.64 | Cont: -0.26
  Val   - Loss: 0.0153 | Avg Return: -4.73
          IoU: 0.207 | F1: 0.341 | Acc: 0.879 | Cov: 0.227

Epoch 14/20 | Time: 45.1s
  Train - Loss: 0.0038 | Avg Return: -4.72 | ε: 0.028
          IoU: 0.202 | F1: 0.330 | Acc: 0.884 | Cov: 0.231
          Rewards -> Base: -4.46 | Cont: -0.26
  Val   - Loss: 0.0172 | Avg Return: -4.80
          IoU: 0.184 | F1: 0.309 | Acc: 0.876 | Cov: 0.201

Epoch 15/20 | Time: 45.1s
  Train - Loss: 0.0034 | Avg Return: -4.73 | ε: 0.023
          IoU: 0.204 | F1: 0.331 | Acc: 0.883 | Cov: 0.236
          Rewards -> Base: -4.52 | Cont: -0.21
  Val   - Loss: 0.0153 | Avg Return: -4.68
          IoU: 0.204 | F1: 0.337 | Acc: 0.876 | Cov: 0.229

Epoch 16/20 | Time: 45.4s
  Train - Loss: 0.0033 | Avg Return: -4.62 | ε: 0.020
          IoU: 0.193 | F1: 0.317 | Acc: 0.883 | Cov: 0.221
          Rewards -> Base: -4.42 | Cont: -0.20
  Val   - Loss: 0.0164 | Avg Return: -4.61
          IoU: 0.217 | F1: 0.355 | Acc: 0.878 | Cov: 0.242

Epoch 17/20 | Time: 44.9s
  Train - Loss: 0.0028 | Avg Return: -4.62 | ε: 0.017
          IoU: 0.194 | F1: 0.318 | Acc: 0.884 | Cov: 0.220
          Rewards -> Base: -4.39 | Cont: -0.22
  Val   - Loss: 0.0201 | Avg Return: -4.86
          IoU: 0.156 | F1: 0.269 | Acc: 0.873 | Cov: 0.168

Epoch 18/20 | Time: 45.1s
  Train - Loss: 0.0028 | Avg Return: -4.57 | ε: 0.015
          IoU: 0.187 | F1: 0.307 | Acc: 0.882 | Cov: 0.212
          Rewards -> Base: -4.40 | Cont: -0.17
  Val   - Loss: 0.0179 | Avg Return: -4.81
          IoU: 0.174 | F1: 0.295 | Acc: 0.871 | Cov: 0.195

Epoch 19/20 | Time: 45.1s
  Train - Loss: 0.0025 | Avg Return: -4.57 | ε: 0.014
          IoU: 0.186 | F1: 0.306 | Acc: 0.883 | Cov: 0.210
          Rewards -> Base: -4.39 | Cont: -0.18
  Val   - Loss: 0.0170 | Avg Return: -4.72
          IoU: 0.206 | F1: 0.340 | Acc: 0.876 | Cov: 0.231

Epoch 20/20 | Time: 45.1s
  Train - Loss: 0.0026 | Avg Return: -4.59 | ε: 0.013
          IoU: 0.190 | F1: 0.312 | Acc: 0.883 | Cov: 0.217
          Rewards -> Base: -4.42 | Cont: -0.16
  Val   - Loss: 0.0177 | Avg Return: -4.87
          IoU: 0.173 | F1: 0.294 | Acc: 0.870 | Cov: 0.195
