Loading training subvolumes with grid positions...
Loaded: week2_d00_h00_w08.npy at position (0, 0, 8) (fg=0.0580%)
Loaded: week2_d01_h00_w08.npy at position (1, 0, 8) (fg=0.1831%)
Loaded: week2_d02_h00_w08.npy at position (2, 0, 8) (fg=0.2319%)
Loaded: week2_d03_h00_w08.npy at position (3, 0, 8) (fg=0.3387%)
Loaded: week2_d03_h01_w08.npy at position (3, 1, 8) (fg=0.0153%)
Loaded: week2_d04_h01_w08.npy at position (4, 1, 8) (fg=0.2838%)
Loaded: week2_d04_h01_w09.npy at position (4, 1, 9) (fg=0.1923%)
Loaded: week2_d05_h01_w09.npy at position (5, 1, 9) (fg=0.4364%)
Loaded: week2_d06_h01_w09.npy at position (6, 1, 9) (fg=0.2289%)
Loaded: week2_d06_h02_w09.npy at position (6, 2, 9) (fg=0.5066%)
Loaded: week2_d06_h09_w01.npy at position (6, 9, 1) (fg=0.3632%)
Loaded: week2_d07_h02_w09.npy at position (7, 2, 9) (fg=0.8331%)
Loaded: week2_d07_h03_w08.npy at position (7, 3, 8) (fg=0.0641%)
Loaded: week2_d07_h03_w09.npy at position (7, 3, 9) (fg=0.1953%)
Loaded: week2_d07_h08_w01.npy at position (7, 8, 1) (fg=0.2960%)
Loaded: week2_d07_h09_w01.npy at position (7, 9, 1) (fg=0.3479%)
Loaded: week2_d08_h03_w08.npy at position (8, 3, 8) (fg=0.5493%)
Loaded: week2_d08_h03_w09.npy at position (8, 3, 9) (fg=0.8881%)
Loaded: week2_d08_h07_w13.npy at position (8, 7, 13) (fg=0.1038%)
Loaded: week2_d08_h08_w00.npy at position (8, 8, 0) (fg=0.1160%)
Loaded: week2_d08_h08_w01.npy at position (8, 8, 1) (fg=0.5676%)
Loaded: week2_d08_h08_w13.npy at position (8, 8, 13) (fg=0.1617%)
Loaded: week2_d09_h03_w09.npy at position (9, 3, 9) (fg=0.7416%)
Loaded: week2_d09_h04_w08.npy at position (9, 4, 8) (fg=0.4700%)
Loaded: week2_d09_h04_w09.npy at position (9, 4, 9) (fg=0.5890%)
Loaded: week2_d09_h07_w02.npy at position (9, 7, 2) (fg=0.2075%)
Loaded: week2_d09_h07_w03.npy at position (9, 7, 3) (fg=0.5310%)
Loaded: week2_d09_h07_w06.npy at position (9, 7, 6) (fg=0.4669%)
Loaded: week2_d09_h07_w07.npy at position (9, 7, 7) (fg=0.7843%)
Loaded: week2_d09_h07_w08.npy at position (9, 7, 8) (fg=0.0824%)
Loaded: week2_d09_h08_w01.npy at position (9, 8, 1) (fg=0.1099%)
Loaded: week2_d09_h08_w02.npy at position (9, 8, 2) (fg=0.2563%)
Loaded: week2_d09_h08_w07.npy at position (9, 8, 7) (fg=0.2319%)
Loaded: week2_d09_h08_w13.npy at position (9, 8, 13) (fg=0.5371%)
Loaded: week2_d10_h04_w08.npy at position (10, 4, 8) (fg=0.4639%)
Loaded: week2_d10_h05_w07.npy at position (10, 5, 7) (fg=0.0366%)
Loaded: week2_d10_h05_w08.npy at position (10, 5, 8) (fg=1.2939%)
Loaded: week2_d10_h06_w07.npy at position (10, 6, 7) (fg=0.6989%)
Loaded: week2_d10_h06_w08.npy at position (10, 6, 8) (fg=1.4313%)
Loaded: week2_d10_h07_w03.npy at position (10, 7, 3) (fg=0.1495%)
Loaded: week2_d10_h07_w04.npy at position (10, 7, 4) (fg=0.7599%)
Loaded: week2_d10_h07_w05.npy at position (10, 7, 5) (fg=0.4974%)
Loaded: week2_d10_h07_w06.npy at position (10, 7, 6) (fg=0.9735%)
Loaded: week2_d10_h07_w07.npy at position (10, 7, 7) (fg=0.9674%)
Loaded: week2_d10_h07_w08.npy at position (10, 7, 8) (fg=0.6683%)
Loaded: week2_d10_h08_w05.npy at position (10, 8, 5) (fg=0.1770%)
Loaded: week2_d10_h08_w07.npy at position (10, 8, 7) (fg=0.1068%)
Loaded: week2_d10_h08_w08.npy at position (10, 8, 8) (fg=0.5554%)
Loaded: week2_d10_h08_w09.npy at position (10, 8, 9) (fg=0.4181%)
Loaded: week2_d10_h08_w10.npy at position (10, 8, 10) (fg=0.4547%)
Loaded: week2_d10_h08_w13.npy at position (10, 8, 13) (fg=0.0610%)
Loaded: week2_d10_h09_w13.npy at position (10, 9, 13) (fg=1.0712%)
Loaded: week2_d11_h05_w05.npy at position (11, 5, 5) (fg=0.1373%)
Loaded: week2_d11_h06_w05.npy at position (11, 6, 5) (fg=0.7843%)
Loaded: week2_d11_h06_w07.npy at position (11, 6, 7) (fg=0.1740%)
Loaded: week2_d11_h07_w05.npy at position (11, 7, 5) (fg=0.2869%)
Loaded: week2_d11_h07_w06.npy at position (11, 7, 6) (fg=1.5472%)
Loaded: week2_d11_h07_w07.npy at position (11, 7, 7) (fg=2.1423%)
Loaded: week2_d11_h07_w08.npy at position (11, 7, 8) (fg=1.7303%)
Loaded: week2_d11_h08_w07.npy at position (11, 8, 7) (fg=0.1862%)
Loaded: week2_d11_h08_w09.npy at position (11, 8, 9) (fg=0.1465%)
Loaded: week2_d11_h08_w10.npy at position (11, 8, 10) (fg=0.0885%)
Loaded: week2_d11_h08_w11.npy at position (11, 8, 11) (fg=0.4211%)
Loaded: week2_d11_h08_w12.npy at position (11, 8, 12) (fg=0.3387%)
Loaded: week2_d11_h08_w13.npy at position (11, 8, 13) (fg=0.0397%)
Loaded: week2_d11_h09_w12.npy at position (11, 9, 12) (fg=0.2960%)
Loaded: week2_d11_h09_w13.npy at position (11, 9, 13) (fg=0.9247%)
Loaded: week2_d11_h10_w11.npy at position (11, 10, 11) (fg=0.4059%)
Loaded: week2_d11_h10_w12.npy at position (11, 10, 12) (fg=0.4944%)
Loaded: week2_d12_h05_w05.npy at position (12, 5, 5) (fg=0.1251%)
Loaded: week2_d12_h06_w07.npy at position (12, 6, 7) (fg=0.3540%)
Loaded: week2_d12_h06_w08.npy at position (12, 6, 8) (fg=0.0610%)
Loaded: week2_d12_h07_w06.npy at position (12, 7, 6) (fg=1.0864%)
Loaded: week2_d12_h07_w07.npy at position (12, 7, 7) (fg=0.3693%)
Loaded: week2_d12_h07_w08.npy at position (12, 7, 8) (fg=0.8179%)
Loaded: week2_d12_h08_w06.npy at position (12, 8, 6) (fg=0.1038%)
Loaded: week2_d12_h08_w07.npy at position (12, 8, 7) (fg=0.7568%)
Loaded: week2_d12_h10_w07.npy at position (12, 10, 7) (fg=0.6836%)
Loaded: week2_d12_h10_w08.npy at position (12, 10, 8) (fg=0.8484%)
Loaded: week2_d12_h10_w09.npy at position (12, 10, 9) (fg=0.9399%)
Loaded: week2_d12_h10_w10.npy at position (12, 10, 10) (fg=0.8240%)
Loaded: week2_d12_h10_w11.npy at position (12, 10, 11) (fg=0.4547%)
Loaded: week2_d12_h11_w06.npy at position (12, 11, 6) (fg=0.4547%)
Loaded: week2_d12_h11_w07.npy at position (12, 11, 7) (fg=0.2014%)
Loaded: week2_d12_h12_w10.npy at position (12, 12, 10) (fg=0.7111%)
Loaded: week2_d13_h06_w07.npy at position (13, 6, 7) (fg=0.9125%)
Loaded: week2_d13_h07_w06.npy at position (13, 7, 6) (fg=1.8982%)
Loaded: week2_d13_h07_w07.npy at position (13, 7, 7) (fg=0.2441%)
Loaded: week2_d13_h07_w08.npy at position (13, 7, 8) (fg=0.6683%)
Loaded: week2_d13_h08_w07.npy at position (13, 8, 7) (fg=0.1740%)
Loaded: week2_d13_h11_w03.npy at position (13, 11, 3) (fg=0.5096%)
Loaded: week2_d13_h11_w04.npy at position (13, 11, 4) (fg=0.5127%)
Loaded: week2_d13_h11_w05.npy at position (13, 11, 5) (fg=0.7385%)
Loaded: week2_d13_h11_w06.npy at position (13, 11, 6) (fg=0.4211%)
Loaded: week2_d13_h12_w10.npy at position (13, 12, 10) (fg=0.6134%)
Loaded: week2_d13_h12_w11.npy at position (13, 12, 11) (fg=0.2289%)
Loaded: week2_d14_h06_w06.npy at position (14, 6, 6) (fg=0.2777%)
Loaded: week2_d14_h06_w07.npy at position (14, 6, 7) (fg=1.0162%)
Loaded: week2_d14_h07_w06.npy at position (14, 7, 6) (fg=0.6744%)
Loaded: week2_d14_h07_w08.npy at position (14, 7, 8) (fg=0.6012%)
Loaded: week2_d14_h08_w06.npy at position (14, 8, 6) (fg=0.4150%)
Loaded: week2_d14_h08_w07.npy at position (14, 8, 7) (fg=0.3693%)
Loaded: week2_d14_h10_w02.npy at position (14, 10, 2) (fg=0.3479%)
Loaded: week2_d14_h10_w03.npy at position (14, 10, 3) (fg=0.0214%)
Loaded: week2_d14_h11_w03.npy at position (14, 11, 3) (fg=0.1068%)
Loaded: week2_d14_h12_w11.npy at position (14, 12, 11) (fg=0.6866%)
Loaded: week2_d15_h06_w06.npy at position (15, 6, 6) (fg=0.8087%)
Loaded: week2_d15_h06_w07.npy at position (15, 6, 7) (fg=1.2695%)
Loaded: week2_d15_h07_w07.npy at position (15, 7, 7) (fg=0.1556%)
Loaded: week2_d15_h07_w08.npy at position (15, 7, 8) (fg=0.5859%)
Loaded: week2_d15_h08_w07.npy at position (15, 8, 7) (fg=0.8270%)
Loaded: week2_d15_h10_w02.npy at position (15, 10, 2) (fg=0.2563%)
Loaded: week2_d15_h12_w11.npy at position (15, 12, 11) (fg=0.6195%)
Loaded: week2_d16_h05_w06.npy at position (16, 5, 6) (fg=0.0732%)
Loaded: week2_d16_h06_w06.npy at position (16, 6, 6) (fg=0.8240%)
Loaded: week2_d16_h06_w07.npy at position (16, 6, 7) (fg=0.7477%)
Loaded: week2_d16_h07_w07.npy at position (16, 7, 7) (fg=1.0681%)
Loaded: week2_d16_h07_w08.npy at position (16, 7, 8) (fg=0.5249%)
Loaded: week2_d16_h10_w01.npy at position (16, 10, 1) (fg=0.2411%)
Loaded: week2_d16_h10_w02.npy at position (16, 10, 2) (fg=0.0336%)
Loaded: week2_d16_h11_w11.npy at position (16, 11, 11) (fg=0.8087%)
Loaded: week2_d16_h12_w11.npy at position (16, 12, 11) (fg=0.1587%)
Loaded: week2_d17_h05_w06.npy at position (17, 5, 6) (fg=0.5463%)
Loaded: week2_d17_h05_w07.npy at position (17, 5, 7) (fg=0.1251%)
Loaded: week2_d17_h06_w06.npy at position (17, 6, 6) (fg=0.0275%)
Loaded: week2_d17_h06_w07.npy at position (17, 6, 7) (fg=0.4059%)
Loaded: week2_d17_h07_w07.npy at position (17, 7, 7) (fg=0.8301%)
Loaded: week2_d17_h07_w08.npy at position (17, 7, 8) (fg=0.5371%)
Loaded: week2_d17_h09_w01.npy at position (17, 9, 1) (fg=0.4913%)
Loaded: week2_d17_h10_w01.npy at position (17, 10, 1) (fg=0.2777%)
Loaded: week2_d17_h11_w11.npy at position (17, 11, 11) (fg=0.0488%)
Loaded: week2_d17_h11_w12.npy at position (17, 11, 12) (fg=0.6592%)
Loaded: week2_d18_h05_w07.npy at position (18, 5, 7) (fg=0.4974%)
Loaded: week2_d18_h06_w06.npy at position (18, 6, 6) (fg=0.0397%)
Loaded: week2_d18_h06_w07.npy at position (18, 6, 7) (fg=0.6836%)
Loaded: week2_d18_h07_w07.npy at position (18, 7, 7) (fg=0.8575%)
Loaded: week2_d18_h07_w08.npy at position (18, 7, 8) (fg=0.6317%)
Loaded: week2_d18_h08_w02.npy at position (18, 8, 2) (fg=0.7690%)
Loaded: week2_d18_h08_w03.npy at position (18, 8, 3) (fg=0.2991%)
Loaded: week2_d18_h09_w01.npy at position (18, 9, 1) (fg=0.3693%)
Loaded: week2_d18_h09_w02.npy at position (18, 9, 2) (fg=0.0519%)
Loaded: week2_d18_h10_w12.npy at position (18, 10, 12) (fg=0.4700%)
Loaded: week2_d18_h11_w12.npy at position (18, 11, 12) (fg=0.5127%)
Loaded: week2_d19_h05_w07.npy at position (19, 5, 7) (fg=0.4242%)
Loaded: week2_d19_h06_w06.npy at position (19, 6, 6) (fg=0.1434%)
Loaded: week2_d19_h06_w07.npy at position (19, 6, 7) (fg=0.9399%)
Loaded: week2_d19_h06_w08.npy at position (19, 6, 8) (fg=0.1312%)
Loaded: week2_d19_h07_w04.npy at position (19, 7, 4) (fg=0.3693%)
Loaded: week2_d19_h07_w07.npy at position (19, 7, 7) (fg=0.8636%)
Loaded: week2_d19_h07_w08.npy at position (19, 7, 8) (fg=0.5554%)
Loaded: week2_d19_h08_w03.npy at position (19, 8, 3) (fg=0.4150%)
Loaded: week2_d19_h08_w04.npy at position (19, 8, 4) (fg=0.3326%)
Loaded: week2_d19_h09_w11.npy at position (19, 9, 11) (fg=0.5280%)
Loaded: week2_d19_h09_w12.npy at position (19, 9, 12) (fg=0.2991%)
Loaded: week2_d19_h10_w12.npy at position (19, 10, 12) (fg=0.9186%)
Loaded: week2_d20_h05_w07.npy at position (20, 5, 7) (fg=0.5005%)
Loaded: week2_d20_h06_w05.npy at position (20, 6, 5) (fg=0.1404%)
Loaded: week2_d20_h06_w07.npy at position (20, 6, 7) (fg=0.5371%)
Loaded: week2_d20_h06_w08.npy at position (20, 6, 8) (fg=1.0162%)
Loaded: week2_d20_h07_w04.npy at position (20, 7, 4) (fg=0.1190%)
Loaded: week2_d20_h07_w05.npy at position (20, 7, 5) (fg=1.3092%)
Loaded: week2_d20_h07_w07.npy at position (20, 7, 7) (fg=0.0183%)
Loaded: week2_d20_h07_w08.npy at position (20, 7, 8) (fg=0.0519%)
Loaded: week2_d20_h07_w09.npy at position (20, 7, 9) (fg=0.0977%)
Loaded: week2_d20_h08_w09.npy at position (20, 8, 9) (fg=0.7874%)
Loaded: week2_d20_h08_w10.npy at position (20, 8, 10) (fg=0.5951%)
Loaded: week2_d20_h09_w10.npy at position (20, 9, 10) (fg=0.3693%)
Loaded: week2_d20_h09_w11.npy at position (20, 9, 11) (fg=0.5646%)
Loaded: week2_d21_h05_w07.npy at position (21, 5, 7) (fg=0.0763%)
Loaded: week2_d21_h06_w05.npy at position (21, 6, 5) (fg=0.1129%)
Loaded: week2_d21_h06_w06.npy at position (21, 6, 6) (fg=0.7050%)
Loaded: week2_d21_h06_w07.npy at position (21, 6, 7) (fg=0.5798%)
Loaded: week2_d21_h06_w08.npy at position (21, 6, 8) (fg=1.8738%)
Loaded: week2_d21_h07_w08.npy at position (21, 7, 8) (fg=1.0590%)
Loaded: week2_d21_h07_w09.npy at position (21, 7, 9) (fg=0.1587%)
Loaded: week2_d21_h08_w09.npy at position (21, 8, 9) (fg=0.0275%)
Loaded: week2_d22_h03_w08.npy at position (22, 3, 8) (fg=1.0071%)
Loaded: week2_d22_h03_w09.npy at position (22, 3, 9) (fg=0.0336%)
Loaded: week2_d22_h04_w08.npy at position (22, 4, 8) (fg=1.2268%)
Loaded: week2_d22_h05_w08.npy at position (22, 5, 8) (fg=0.8606%)
Loaded: week2_d22_h06_w06.npy at position (22, 6, 6) (fg=0.1740%)
Loaded: week2_d22_h06_w07.npy at position (22, 6, 7) (fg=7.1564%)
Loaded: week2_d22_h06_w08.npy at position (22, 6, 8) (fg=2.4902%)
Loaded: week2_d22_h07_w06.npy at position (22, 7, 6) (fg=0.3418%)
Loaded: week2_d22_h07_w07.npy at position (22, 7, 7) (fg=5.6061%)
Loaded: week2_d22_h08_w06.npy at position (22, 8, 6) (fg=0.0610%)
Loaded: week2_d22_h08_w07.npy at position (22, 8, 7) (fg=0.0153%)
Loaded: week2_d23_h06_w07.npy at position (23, 6, 7) (fg=0.5798%)
Loaded: week2_d23_h07_w06.npy at position (23, 7, 6) (fg=0.4822%)
Loaded: week2_d23_h07_w07.npy at position (23, 7, 7) (fg=0.5890%)
Loaded: week2_d23_h08_w06.npy at position (23, 8, 6) (fg=4.2389%)
Loaded: week2_d23_h08_w07.npy at position (23, 8, 7) (fg=0.0183%)
Loaded: week2_d24_h08_w06.npy at position (24, 8, 6) (fg=3.3875%)

Summary: Loaded 193 subvolumes
  Skipped 4707 (fg_ratio < 0.01%)
Loaded 193 training subvolumes

Loading validation subvolumes...
Loaded: week3_d00_h00_w08.npy at position (0, 0, 8) (fg=0.1251%)
Loaded: week3_d00_h04_w11.npy at position (0, 4, 11) (fg=0.4120%)
Loaded: week3_d00_h13_w05.npy at position (0, 13, 5) (fg=0.1648%)
Loaded: week3_d00_h13_w06.npy at position (0, 13, 6) (fg=0.0824%)
Loaded: week3_d00_h13_w07.npy at position (0, 13, 7) (fg=0.8667%)
Loaded: week3_d00_h13_w08.npy at position (0, 13, 8) (fg=0.0885%)
Loaded: week3_d01_h00_w08.npy at position (1, 0, 8) (fg=0.5615%)
Loaded: week3_d01_h02_w11.npy at position (1, 2, 11) (fg=0.1648%)
Loaded: week3_d01_h02_w12.npy at position (1, 2, 12) (fg=0.3906%)
Loaded: week3_d01_h03_w12.npy at position (1, 3, 12) (fg=0.0397%)
Loaded: week3_d01_h04_w11.npy at position (1, 4, 11) (fg=2.0081%)
Loaded: week3_d01_h12_w05.npy at position (1, 12, 5) (fg=0.0397%)
Loaded: week3_d01_h13_w05.npy at position (1, 13, 5) (fg=1.0620%)
Loaded: week3_d01_h13_w06.npy at position (1, 13, 6) (fg=0.8698%)
Loaded: week3_d02_h00_w08.npy at position (2, 0, 8) (fg=0.7019%)
Loaded: week3_d02_h03_w12.npy at position (2, 3, 12) (fg=0.7202%)
Loaded: week3_d02_h04_w11.npy at position (2, 4, 11) (fg=1.2848%)
Loaded: week3_d02_h04_w12.npy at position (2, 4, 12) (fg=0.8270%)
Loaded: week3_d02_h12_w04.npy at position (2, 12, 4) (fg=0.5524%)
Loaded: week3_d02_h12_w05.npy at position (2, 12, 5) (fg=0.1068%)
Loaded: week3_d02_h13_w04.npy at position (2, 13, 4) (fg=0.0671%)
Loaded: week3_d02_h13_w05.npy at position (2, 13, 5) (fg=0.2625%)
Loaded: week3_d02_h13_w06.npy at position (2, 13, 6) (fg=0.6775%)
Loaded: week3_d03_h00_w08.npy at position (3, 0, 8) (fg=0.4913%)
Loaded: week3_d03_h03_w12.npy at position (3, 3, 12) (fg=0.3143%)
Loaded: week3_d03_h04_w12.npy at position (3, 4, 12) (fg=2.1454%)
Loaded: week3_d03_h04_w13.npy at position (3, 4, 13) (fg=0.6317%)
Loaded: week3_d03_h10_w09.npy at position (3, 10, 9) (fg=0.6744%)
Loaded: week3_d03_h11_w02.npy at position (3, 11, 2) (fg=0.2197%)
Loaded: week3_d03_h11_w03.npy at position (3, 11, 3) (fg=0.1587%)
Loaded: week3_d03_h11_w09.npy at position (3, 11, 9) (fg=0.0946%)
Loaded: week3_d03_h12_w03.npy at position (3, 12, 3) (fg=0.7477%)
Loaded: week3_d03_h12_w04.npy at position (3, 12, 4) (fg=0.4639%)
Loaded: week3_d03_h13_w06.npy at position (3, 13, 6) (fg=0.6226%)
Loaded: week3_d04_h00_w08.npy at position (4, 0, 8) (fg=0.0671%)
Loaded: week3_d04_h01_w08.npy at position (4, 1, 8) (fg=0.3418%)
Loaded: week3_d04_h01_w09.npy at position (4, 1, 9) (fg=0.1404%)
Loaded: week3_d04_h04_w13.npy at position (4, 4, 13) (fg=2.6764%)
Loaded: week3_d04_h10_w01.npy at position (4, 10, 1) (fg=0.0793%)
Loaded: week3_d04_h10_w02.npy at position (4, 10, 2) (fg=0.1984%)
Loaded: week3_d04_h10_w09.npy at position (4, 10, 9) (fg=0.3082%)
Loaded: week3_d04_h11_w02.npy at position (4, 11, 2) (fg=0.3632%)
Loaded: week3_d04_h11_w09.npy at position (4, 11, 9) (fg=0.9949%)
Loaded: week3_d04_h13_w06.npy at position (4, 13, 6) (fg=0.4608%)
Loaded: week3_d04_h13_w07.npy at position (4, 13, 7) (fg=0.2899%)
Loaded: week3_d05_h01_w09.npy at position (5, 1, 9) (fg=0.4852%)
Loaded: week3_d05_h04_w12.npy at position (5, 4, 12) (fg=0.2838%)
Loaded: week3_d05_h04_w13.npy at position (5, 4, 13) (fg=2.3163%)
Loaded: week3_d05_h05_w13.npy at position (5, 5, 13) (fg=0.3357%)
Loaded: week3_d05_h09_w01.npy at position (5, 9, 1) (fg=0.3235%)
Loaded: week3_d05_h10_w01.npy at position (5, 10, 1) (fg=0.6104%)
Loaded: week3_d05_h11_w09.npy at position (5, 11, 9) (fg=1.6754%)
Loaded: week3_d05_h13_w06.npy at position (5, 13, 6) (fg=0.3815%)
Loaded: week3_d05_h13_w07.npy at position (5, 13, 7) (fg=0.3204%)
Loaded: week3_d06_h01_w09.npy at position (6, 1, 9) (fg=0.3326%)
Loaded: week3_d06_h02_w08.npy at position (6, 2, 8) (fg=0.1007%)
Loaded: week3_d06_h02_w09.npy at position (6, 2, 9) (fg=0.2960%)
Loaded: week3_d06_h04_w12.npy at position (6, 4, 12) (fg=0.2899%)
Loaded: week3_d06_h04_w13.npy at position (6, 4, 13) (fg=1.7120%)
Loaded: week3_d06_h05_w13.npy at position (6, 5, 13) (fg=0.4761%)
Loaded: week3_d06_h06_w13.npy at position (6, 6, 13) (fg=0.4425%)
Loaded: week3_d06_h09_w01.npy at position (6, 9, 1) (fg=0.4944%)
Loaded: week3_d06_h11_w09.npy at position (6, 11, 9) (fg=1.2787%)
Loaded: week3_d06_h13_w07.npy at position (6, 13, 7) (fg=0.5859%)
Loaded: week3_d07_h02_w08.npy at position (7, 2, 8) (fg=0.1556%)
Loaded: week3_d07_h02_w09.npy at position (7, 2, 9) (fg=0.6470%)
Loaded: week3_d07_h03_w08.npy at position (7, 3, 8) (fg=0.1190%)
Loaded: week3_d07_h03_w09.npy at position (7, 3, 9) (fg=0.0458%)
Loaded: week3_d07_h04_w12.npy at position (7, 4, 12) (fg=0.4242%)
Loaded: week3_d07_h04_w13.npy at position (7, 4, 13) (fg=1.4282%)
Loaded: week3_d07_h06_w08.npy at position (7, 6, 8) (fg=0.3326%)
Loaded: week3_d07_h06_w09.npy at position (7, 6, 9) (fg=0.2411%)
Loaded: week3_d07_h06_w13.npy at position (7, 6, 13) (fg=0.4211%)
Loaded: week3_d07_h07_w09.npy at position (7, 7, 9) (fg=1.0712%)
Loaded: week3_d07_h07_w10.npy at position (7, 7, 10) (fg=0.0214%)
Loaded: week3_d07_h07_w13.npy at position (7, 7, 13) (fg=0.3418%)
Loaded: week3_d07_h08_w00.npy at position (7, 8, 0) (fg=0.1251%)
Loaded: week3_d07_h08_w01.npy at position (7, 8, 1) (fg=0.1556%)
Loaded: week3_d07_h09_w01.npy at position (7, 9, 1) (fg=0.2991%)
Loaded: week3_d07_h11_w09.npy at position (7, 11, 9) (fg=0.4517%)
Loaded: week3_d07_h11_w10.npy at position (7, 11, 10) (fg=0.9399%)
Loaded: week3_d07_h13_w07.npy at position (7, 13, 7) (fg=0.4883%)
Loaded: week3_d08_h03_w08.npy at position (8, 3, 8) (fg=0.8606%)
Loaded: week3_d08_h03_w09.npy at position (8, 3, 9) (fg=0.4333%)
Loaded: week3_d08_h03_w12.npy at position (8, 3, 12) (fg=0.3754%)
Loaded: week3_d08_h03_w13.npy at position (8, 3, 13) (fg=0.1556%)
Loaded: week3_d08_h04_w12.npy at position (8, 4, 12) (fg=0.7568%)
Loaded: week3_d08_h04_w13.npy at position (8, 4, 13) (fg=0.4974%)
Loaded: week3_d08_h06_w07.npy at position (8, 6, 7) (fg=0.0793%)
Loaded: week3_d08_h07_w01.npy at position (8, 7, 1) (fg=0.0183%)
Loaded: week3_d08_h07_w07.npy at position (8, 7, 7) (fg=0.0854%)
Loaded: week3_d08_h07_w10.npy at position (8, 7, 10) (fg=0.7324%)
Loaded: week3_d08_h07_w11.npy at position (8, 7, 11) (fg=0.3784%)
Loaded: week3_d08_h07_w13.npy at position (8, 7, 13) (fg=0.4120%)
Loaded: week3_d08_h08_w00.npy at position (8, 8, 0) (fg=0.2991%)
Loaded: week3_d08_h08_w01.npy at position (8, 8, 1) (fg=0.3723%)
Loaded: week3_d08_h08_w11.npy at position (8, 8, 11) (fg=0.0183%)
Loaded: week3_d08_h08_w13.npy at position (8, 8, 13) (fg=0.3876%)
Loaded: week3_d08_h11_w10.npy at position (8, 11, 10) (fg=1.0315%)
Loaded: week3_d08_h13_w07.npy at position (8, 13, 7) (fg=0.3723%)
Loaded: week3_d08_h13_w08.npy at position (8, 13, 8) (fg=0.5676%)
Loaded: week3_d09_h00_w07.npy at position (9, 0, 7) (fg=0.3601%)
Loaded: week3_d09_h00_w08.npy at position (9, 0, 8) (fg=0.5981%)
Loaded: week3_d09_h00_w09.npy at position (9, 0, 9) (fg=0.4456%)
Loaded: week3_d09_h01_w09.npy at position (9, 1, 9) (fg=0.1404%)
Loaded: week3_d09_h01_w10.npy at position (9, 1, 10) (fg=0.7141%)
Loaded: week3_d09_h01_w11.npy at position (9, 1, 11) (fg=0.2960%)
Loaded: week3_d09_h02_w11.npy at position (9, 2, 11) (fg=0.4608%)
Loaded: week3_d09_h02_w12.npy at position (9, 2, 12) (fg=0.3052%)
Loaded: week3_d09_h03_w01.npy at position (9, 3, 1) (fg=0.4730%)
Loaded: week3_d09_h03_w09.npy at position (9, 3, 9) (fg=0.7812%)
Loaded: week3_d09_h03_w12.npy at position (9, 3, 12) (fg=0.1862%)
Loaded: week3_d09_h03_w13.npy at position (9, 3, 13) (fg=0.0214%)
Loaded: week3_d09_h04_w01.npy at position (9, 4, 1) (fg=0.2319%)
Loaded: week3_d09_h04_w08.npy at position (9, 4, 8) (fg=0.4395%)
Loaded: week3_d09_h04_w09.npy at position (9, 4, 9) (fg=0.3601%)
Loaded: week3_d09_h04_w12.npy at position (9, 4, 12) (fg=0.6805%)
Loaded: week3_d09_h04_w13.npy at position (9, 4, 13) (fg=1.0437%)
Loaded: week3_d09_h06_w06.npy at position (9, 6, 6) (fg=0.1190%)
Loaded: week3_d09_h07_w01.npy at position (9, 7, 1) (fg=0.0244%)
Loaded: week3_d09_h07_w02.npy at position (9, 7, 2) (fg=0.2808%)
Loaded: week3_d09_h07_w03.npy at position (9, 7, 3) (fg=0.4822%)
Loaded: week3_d09_h07_w06.npy at position (9, 7, 6) (fg=0.5524%)
Loaded: week3_d09_h07_w07.npy at position (9, 7, 7) (fg=1.2146%)
Loaded: week3_d09_h07_w08.npy at position (9, 7, 8) (fg=0.6165%)
Loaded: week3_d09_h07_w09.npy at position (9, 7, 9) (fg=0.6165%)
Loaded: week3_d09_h07_w10.npy at position (9, 7, 10) (fg=0.5676%)
Loaded: week3_d09_h07_w11.npy at position (9, 7, 11) (fg=0.2655%)
Loaded: week3_d09_h08_w01.npy at position (9, 8, 1) (fg=0.1373%)
Loaded: week3_d09_h08_w02.npy at position (9, 8, 2) (fg=0.1434%)
Loaded: week3_d09_h08_w07.npy at position (9, 8, 7) (fg=0.1465%)
Loaded: week3_d09_h08_w11.npy at position (9, 8, 11) (fg=0.5615%)
Loaded: week3_d09_h08_w12.npy at position (9, 8, 12) (fg=0.0214%)
Loaded: week3_d09_h08_w13.npy at position (9, 8, 13) (fg=0.3845%)
Loaded: week3_d09_h11_w10.npy at position (9, 11, 10) (fg=1.1688%)
Loaded: week3_d09_h12_w10.npy at position (9, 12, 10) (fg=0.0977%)
Loaded: week3_d09_h13_w08.npy at position (9, 13, 8) (fg=0.5920%)
Loaded: week3_d10_h00_w04.npy at position (10, 0, 4) (fg=0.0885%)
Loaded: week3_d10_h00_w05.npy at position (10, 0, 5) (fg=0.8636%)
Loaded: week3_d10_h00_w06.npy at position (10, 0, 6) (fg=0.9186%)
Loaded: week3_d10_h00_w07.npy at position (10, 0, 7) (fg=0.2625%)
Loaded: week3_d10_h01_w03.npy at position (10, 1, 3) (fg=0.8148%)
Loaded: week3_d10_h01_w04.npy at position (10, 1, 4) (fg=0.5981%)
Loaded: week3_d10_h02_w02.npy at position (10, 2, 2) (fg=1.1078%)
Loaded: week3_d10_h02_w03.npy at position (10, 2, 3) (fg=0.1617%)
Loaded: week3_d10_h03_w01.npy at position (10, 3, 1) (fg=0.5341%)
Loaded: week3_d10_h03_w02.npy at position (10, 3, 2) (fg=0.2045%)
Loaded: week3_d10_h03_w12.npy at position (10, 3, 12) (fg=1.1169%)
Loaded: week3_d10_h03_w13.npy at position (10, 3, 13) (fg=0.0427%)
Loaded: week3_d10_h04_w01.npy at position (10, 4, 1) (fg=0.3479%)
Loaded: week3_d10_h04_w08.npy at position (10, 4, 8) (fg=0.5280%)
Loaded: week3_d10_h04_w12.npy at position (10, 4, 12) (fg=0.3693%)
Loaded: week3_d10_h04_w13.npy at position (10, 4, 13) (fg=0.9308%)
Loaded: week3_d10_h05_w00.npy at position (10, 5, 0) (fg=0.3326%)
Loaded: week3_d10_h05_w01.npy at position (10, 5, 1) (fg=0.0549%)
Loaded: week3_d10_h05_w07.npy at position (10, 5, 7) (fg=0.4639%)
Loaded: week3_d10_h05_w08.npy at position (10, 5, 8) (fg=1.6235%)
Loaded: week3_d10_h05_w13.npy at position (10, 5, 13) (fg=0.5371%)
Loaded: week3_d10_h06_w06.npy at position (10, 6, 6) (fg=0.1099%)
Loaded: week3_d10_h06_w07.npy at position (10, 6, 7) (fg=0.6165%)
Loaded: week3_d10_h06_w08.npy at position (10, 6, 8) (fg=1.4008%)
Loaded: week3_d10_h06_w13.npy at position (10, 6, 13) (fg=0.7996%)
Loaded: week3_d10_h07_w03.npy at position (10, 7, 3) (fg=0.1740%)
Loaded: week3_d10_h07_w04.npy at position (10, 7, 4) (fg=0.8453%)
Loaded: week3_d10_h07_w05.npy at position (10, 7, 5) (fg=0.6714%)
Loaded: week3_d10_h07_w06.npy at position (10, 7, 6) (fg=1.1292%)
Loaded: week3_d10_h07_w07.npy at position (10, 7, 7) (fg=1.3580%)
Loaded: week3_d10_h07_w08.npy at position (10, 7, 8) (fg=0.4150%)
Loaded: week3_d10_h07_w11.npy at position (10, 7, 11) (fg=0.4395%)
Loaded: week3_d10_h07_w12.npy at position (10, 7, 12) (fg=0.0366%)
Loaded: week3_d10_h07_w13.npy at position (10, 7, 13) (fg=0.4791%)
Loaded: week3_d10_h08_w02.npy at position (10, 8, 2) (fg=0.0488%)
Loaded: week3_d10_h08_w07.npy at position (10, 8, 7) (fg=0.0275%)
Loaded: week3_d10_h08_w08.npy at position (10, 8, 8) (fg=0.4822%)
Loaded: week3_d10_h08_w09.npy at position (10, 8, 9) (fg=0.4395%)
Loaded: week3_d10_h08_w10.npy at position (10, 8, 10) (fg=0.4272%)
Loaded: week3_d10_h08_w12.npy at position (10, 8, 12) (fg=0.5707%)
Loaded: week3_d10_h08_w13.npy at position (10, 8, 13) (fg=0.7935%)
Loaded: week3_d10_h09_w13.npy at position (10, 9, 13) (fg=0.6287%)
Loaded: week3_d10_h12_w10.npy at position (10, 12, 10) (fg=1.1230%)
Loaded: week3_d10_h13_w08.npy at position (10, 13, 8) (fg=0.2869%)
Loaded: week3_d10_h13_w09.npy at position (10, 13, 9) (fg=0.4486%)
Loaded: week3_d11_h00_w04.npy at position (11, 0, 4) (fg=0.0641%)
Loaded: week3_d11_h00_w06.npy at position (11, 0, 6) (fg=0.0793%)
Loaded: week3_d11_h00_w07.npy at position (11, 0, 7) (fg=0.2808%)
Loaded: week3_d11_h00_w08.npy at position (11, 0, 8) (fg=0.2777%)
Loaded: week3_d11_h01_w03.npy at position (11, 1, 3) (fg=0.1862%)
Loaded: week3_d11_h01_w04.npy at position (11, 1, 4) (fg=0.3845%)
Loaded: week3_d11_h03_w12.npy at position (11, 3, 12) (fg=2.3590%)
Loaded: week3_d11_h04_w13.npy at position (11, 4, 13) (fg=0.1099%)
Loaded: week3_d11_h05_w00.npy at position (11, 5, 0) (fg=0.0122%)
Loaded: week3_d11_h05_w13.npy at position (11, 5, 13) (fg=0.5524%)
Loaded: week3_d11_h06_w00.npy at position (11, 6, 0) (fg=0.3845%)
Loaded: week3_d11_h06_w07.npy at position (11, 6, 7) (fg=0.2167%)
Loaded: week3_d11_h06_w08.npy at position (11, 6, 8) (fg=0.0275%)
Loaded: week3_d11_h06_w13.npy at position (11, 6, 13) (fg=0.2747%)
Loaded: week3_d11_h07_w00.npy at position (11, 7, 0) (fg=0.3265%)
Loaded: week3_d11_h07_w06.npy at position (11, 7, 6) (fg=1.1719%)
Loaded: week3_d11_h07_w07.npy at position (11, 7, 7) (fg=2.2034%)
Loaded: week3_d11_h07_w08.npy at position (11, 7, 8) (fg=1.0193%)
Loaded: week3_d11_h07_w13.npy at position (11, 7, 13) (fg=0.4852%)
Loaded: week3_d11_h08_w00.npy at position (11, 8, 0) (fg=0.2594%)
Loaded: week3_d11_h08_w01.npy at position (11, 8, 1) (fg=0.3296%)
Loaded: week3_d11_h08_w02.npy at position (11, 8, 2) (fg=0.0122%)
Loaded: week3_d11_h08_w06.npy at position (11, 8, 6) (fg=0.0854%)
Loaded: week3_d11_h08_w07.npy at position (11, 8, 7) (fg=0.4944%)
Loaded: week3_d11_h08_w08.npy at position (11, 8, 8) (fg=0.3479%)
Loaded: week3_d11_h08_w09.npy at position (11, 8, 9) (fg=0.1831%)
Loaded: week3_d11_h08_w10.npy at position (11, 8, 10) (fg=0.1068%)
Loaded: week3_d11_h08_w11.npy at position (11, 8, 11) (fg=0.4486%)
Loaded: week3_d11_h08_w12.npy at position (11, 8, 12) (fg=0.3143%)
Loaded: week3_d11_h08_w13.npy at position (11, 8, 13) (fg=0.2441%)
Loaded: week3_d11_h09_w08.npy at position (11, 9, 8) (fg=0.3082%)
Loaded: week3_d11_h09_w09.npy at position (11, 9, 9) (fg=0.3601%)
Loaded: week3_d11_h09_w12.npy at position (11, 9, 12) (fg=0.3479%)
Loaded: week3_d11_h09_w13.npy at position (11, 9, 13) (fg=0.5280%)
Loaded: week3_d11_h10_w09.npy at position (11, 10, 9) (fg=0.1923%)
Loaded: week3_d11_h10_w10.npy at position (11, 10, 10) (fg=0.3448%)
Loaded: week3_d11_h10_w11.npy at position (11, 10, 11) (fg=0.3601%)
Loaded: week3_d11_h10_w12.npy at position (11, 10, 12) (fg=0.3845%)
Loaded: week3_d11_h11_w10.npy at position (11, 11, 10) (fg=0.1465%)
Loaded: week3_d11_h11_w11.npy at position (11, 11, 11) (fg=0.5249%)
Loaded: week3_d11_h12_w09.npy at position (11, 12, 9) (fg=0.3479%)
Loaded: week3_d11_h12_w10.npy at position (11, 12, 10) (fg=1.2207%)
Loaded: week3_d11_h13_w09.npy at position (11, 13, 9) (fg=0.3510%)
Loaded: week3_d12_h03_w12.npy at position (12, 3, 12) (fg=2.1667%)
Loaded: week3_d12_h03_w13.npy at position (12, 3, 13) (fg=0.0153%)
Loaded: week3_d12_h04_w12.npy at position (12, 4, 12) (fg=0.0183%)
Loaded: week3_d12_h06_w07.npy at position (12, 6, 7) (fg=0.3357%)
Loaded: week3_d12_h06_w08.npy at position (12, 6, 8) (fg=0.0549%)
Loaded: week3_d12_h07_w06.npy at position (12, 7, 6) (fg=1.0498%)
Loaded: week3_d12_h07_w07.npy at position (12, 7, 7) (fg=0.7233%)
Loaded: week3_d12_h07_w08.npy at position (12, 7, 8) (fg=0.4883%)
Loaded: week3_d12_h08_w06.npy at position (12, 8, 6) (fg=0.0458%)
Loaded: week3_d12_h08_w07.npy at position (12, 8, 7) (fg=0.4547%)
Loaded: week3_d12_h10_w07.npy at position (12, 10, 7) (fg=0.2106%)
Loaded: week3_d12_h10_w08.npy at position (12, 10, 8) (fg=0.4425%)
Loaded: week3_d12_h10_w09.npy at position (12, 10, 9) (fg=0.6805%)
Loaded: week3_d12_h10_w10.npy at position (12, 10, 10) (fg=0.6134%)
Loaded: week3_d12_h10_w11.npy at position (12, 10, 11) (fg=0.4242%)
Loaded: week3_d12_h10_w12.npy at position (12, 10, 12) (fg=0.0153%)
Loaded: week3_d12_h11_w06.npy at position (12, 11, 6) (fg=0.3632%)
Loaded: week3_d12_h11_w07.npy at position (12, 11, 7) (fg=0.0702%)
Loaded: week3_d12_h11_w11.npy at position (12, 11, 11) (fg=0.1801%)
Loaded: week3_d12_h11_w12.npy at position (12, 11, 12) (fg=0.2350%)
Loaded: week3_d12_h12_w09.npy at position (12, 12, 9) (fg=0.2960%)
Loaded: week3_d12_h12_w10.npy at position (12, 12, 10) (fg=1.0895%)
Loaded: week3_d12_h12_w11.npy at position (12, 12, 11) (fg=0.4791%)
Loaded: week3_d12_h13_w05.npy at position (12, 13, 5) (fg=0.6561%)
Loaded: week3_d12_h13_w08.npy at position (12, 13, 8) (fg=0.2197%)
Loaded: week3_d12_h13_w09.npy at position (12, 13, 9) (fg=0.0275%)
Loaded: week3_d13_h03_w12.npy at position (13, 3, 12) (fg=0.1709%)
Loaded: week3_d13_h03_w13.npy at position (13, 3, 13) (fg=0.0244%)
Loaded: week3_d13_h04_w12.npy at position (13, 4, 12) (fg=0.3937%)
Loaded: week3_d13_h04_w13.npy at position (13, 4, 13) (fg=1.8616%)
Loaded: week3_d13_h06_w07.npy at position (13, 6, 7) (fg=0.7874%)
Loaded: week3_d13_h07_w06.npy at position (13, 7, 6) (fg=1.5900%)
Loaded: week3_d13_h07_w07.npy at position (13, 7, 7) (fg=0.2136%)
Loaded: week3_d13_h07_w08.npy at position (13, 7, 8) (fg=0.4608%)
Loaded: week3_d13_h08_w07.npy at position (13, 8, 7) (fg=0.2777%)
Loaded: week3_d13_h08_w08.npy at position (13, 8, 8) (fg=0.0793%)
Loaded: week3_d13_h09_w08.npy at position (13, 9, 8) (fg=0.4333%)
Loaded: week3_d13_h10_w02.npy at position (13, 10, 2) (fg=0.0885%)
Loaded: week3_d13_h10_w08.npy at position (13, 10, 8) (fg=0.3296%)
Loaded: week3_d13_h11_w02.npy at position (13, 11, 2) (fg=0.7996%)
Loaded: week3_d13_h11_w03.npy at position (13, 11, 3) (fg=0.6226%)
Loaded: week3_d13_h11_w04.npy at position (13, 11, 4) (fg=0.5859%)
Loaded: week3_d13_h11_w05.npy at position (13, 11, 5) (fg=0.6714%)
Loaded: week3_d13_h11_w06.npy at position (13, 11, 6) (fg=0.3082%)
Loaded: week3_d13_h11_w08.npy at position (13, 11, 8) (fg=0.3082%)
Loaded: week3_d13_h12_w08.npy at position (13, 12, 8) (fg=0.0549%)
Loaded: week3_d13_h12_w09.npy at position (13, 12, 9) (fg=0.3723%)
Loaded: week3_d13_h12_w10.npy at position (13, 12, 10) (fg=0.8057%)
Loaded: week3_d13_h12_w11.npy at position (13, 12, 11) (fg=1.0712%)
Loaded: week3_d13_h13_w05.npy at position (13, 13, 5) (fg=1.6327%)
Loaded: week3_d13_h13_w09.npy at position (13, 13, 9) (fg=0.2747%)
Loaded: week3_d14_h04_w12.npy at position (14, 4, 12) (fg=0.0122%)
Loaded: week3_d14_h04_w13.npy at position (14, 4, 13) (fg=2.2400%)
Loaded: week3_d14_h06_w06.npy at position (14, 6, 6) (fg=0.1709%)
Loaded: week3_d14_h06_w07.npy at position (14, 6, 7) (fg=0.9125%)
Loaded: week3_d14_h07_w06.npy at position (14, 7, 6) (fg=0.5157%)
Loaded: week3_d14_h07_w08.npy at position (14, 7, 8) (fg=0.3632%)
Loaded: week3_d14_h08_w06.npy at position (14, 8, 6) (fg=0.3815%)
Loaded: week3_d14_h08_w07.npy at position (14, 8, 7) (fg=0.3143%)
Loaded: week3_d14_h10_w02.npy at position (14, 10, 2) (fg=0.3265%)
Loaded: week3_d14_h10_w03.npy at position (14, 10, 3) (fg=0.0305%)
Loaded: week3_d14_h11_w02.npy at position (14, 11, 2) (fg=1.4526%)
Loaded: week3_d14_h11_w03.npy at position (14, 11, 3) (fg=0.1099%)
Loaded: week3_d14_h12_w11.npy at position (14, 12, 11) (fg=1.7731%)
Loaded: week3_d14_h13_w05.npy at position (14, 13, 5) (fg=1.3702%)
Loaded: week3_d15_h04_w11.npy at position (15, 4, 11) (fg=1.3855%)
Loaded: week3_d15_h04_w12.npy at position (15, 4, 12) (fg=1.2787%)
Loaded: week3_d15_h04_w13.npy at position (15, 4, 13) (fg=0.3418%)
Loaded: week3_d15_h05_w11.npy at position (15, 5, 11) (fg=0.8423%)
Loaded: week3_d15_h06_w06.npy at position (15, 6, 6) (fg=0.5280%)
Loaded: week3_d15_h06_w07.npy at position (15, 6, 7) (fg=1.0986%)
Loaded: week3_d15_h07_w07.npy at position (15, 7, 7) (fg=0.1465%)
Loaded: week3_d15_h07_w08.npy at position (15, 7, 8) (fg=0.4669%)
Loaded: week3_d15_h08_w07.npy at position (15, 8, 7) (fg=0.5798%)
Loaded: week3_d15_h10_w02.npy at position (15, 10, 2) (fg=1.1139%)
Loaded: week3_d15_h10_w03.npy at position (15, 10, 3) (fg=0.0183%)
Loaded: week3_d15_h11_w02.npy at position (15, 11, 2) (fg=0.9033%)
Loaded: week3_d15_h11_w11.npy at position (15, 11, 11) (fg=1.2054%)
Loaded: week3_d15_h12_w04.npy at position (15, 12, 4) (fg=0.0244%)
Loaded: week3_d15_h12_w05.npy at position (15, 12, 5) (fg=0.1160%)
Loaded: week3_d15_h12_w11.npy at position (15, 12, 11) (fg=0.9064%)
Loaded: week3_d15_h13_w04.npy at position (15, 13, 4) (fg=0.0244%)
Loaded: week3_d15_h13_w05.npy at position (15, 13, 5) (fg=1.3123%)
Loaded: week3_d16_h05_w06.npy at position (16, 5, 6) (fg=0.0610%)
Loaded: week3_d16_h05_w10.npy at position (16, 5, 10) (fg=2.7313%)
Loaded: week3_d16_h05_w11.npy at position (16, 5, 11) (fg=1.1047%)
Loaded: week3_d16_h06_w06.npy at position (16, 6, 6) (fg=0.4669%)
Loaded: week3_d16_h06_w07.npy at position (16, 6, 7) (fg=0.4669%)
Loaded: week3_d16_h07_w07.npy at position (16, 7, 7) (fg=0.7721%)
Loaded: week3_d16_h07_w08.npy at position (16, 7, 8) (fg=0.3906%)
Loaded: week3_d16_h09_w03.npy at position (16, 9, 3) (fg=1.4404%)
Loaded: week3_d16_h10_w01.npy at position (16, 10, 1) (fg=0.2380%)
Loaded: week3_d16_h10_w02.npy at position (16, 10, 2) (fg=0.2869%)
Loaded: week3_d16_h10_w03.npy at position (16, 10, 3) (fg=1.5106%)
Loaded: week3_d16_h11_w11.npy at position (16, 11, 11) (fg=1.1932%)
Loaded: week3_d16_h11_w12.npy at position (16, 11, 12) (fg=0.7050%)
Loaded: week3_d16_h12_w04.npy at position (16, 12, 4) (fg=1.3672%)
Loaded: week3_d16_h12_w05.npy at position (16, 12, 5) (fg=0.1007%)
Loaded: week3_d16_h12_w11.npy at position (16, 12, 11) (fg=0.1984%)
Loaded: week3_d16_h13_w04.npy at position (16, 13, 4) (fg=0.0854%)
Loaded: week3_d16_h13_w05.npy at position (16, 13, 5) (fg=0.0519%)
Loaded: week3_d17_h05_w06.npy at position (17, 5, 6) (fg=0.3815%)
Loaded: week3_d17_h05_w07.npy at position (17, 5, 7) (fg=0.1038%)
Loaded: week3_d17_h05_w10.npy at position (17, 5, 10) (fg=1.0315%)
Loaded: week3_d17_h06_w06.npy at position (17, 6, 6) (fg=0.0122%)
Loaded: week3_d17_h06_w07.npy at position (17, 6, 7) (fg=0.3815%)
Loaded: week3_d17_h06_w09.npy at position (17, 6, 9) (fg=0.0366%)
Loaded: week3_d17_h06_w10.npy at position (17, 6, 10) (fg=1.5930%)
Loaded: week3_d17_h07_w07.npy at position (17, 7, 7) (fg=0.5798%)
Loaded: week3_d17_h07_w08.npy at position (17, 7, 8) (fg=0.3021%)
Loaded: week3_d17_h08_w04.npy at position (17, 8, 4) (fg=0.0275%)
Loaded: week3_d17_h09_w01.npy at position (17, 9, 1) (fg=0.2777%)
Loaded: week3_d17_h09_w03.npy at position (17, 9, 3) (fg=0.2350%)
Loaded: week3_d17_h09_w04.npy at position (17, 9, 4) (fg=2.4384%)
Loaded: week3_d17_h10_w01.npy at position (17, 10, 1) (fg=0.2075%)
Loaded: week3_d17_h10_w12.npy at position (17, 10, 12) (fg=1.1841%)
Loaded: week3_d17_h11_w11.npy at position (17, 11, 11) (fg=0.0580%)
Loaded: week3_d17_h11_w12.npy at position (17, 11, 12) (fg=0.7568%)
Loaded: week3_d17_h12_w04.npy at position (17, 12, 4) (fg=1.1902%)
Loaded: week3_d18_h05_w07.npy at position (18, 5, 7) (fg=0.3418%)
Loaded: week3_d18_h06_w07.npy at position (18, 6, 7) (fg=0.5737%)
Loaded: week3_d18_h06_w09.npy at position (18, 6, 9) (fg=2.0813%)
Loaded: week3_d18_h06_w10.npy at position (18, 6, 10) (fg=0.2838%)
Loaded: week3_d18_h07_w07.npy at position (18, 7, 7) (fg=0.5920%)
Loaded: week3_d18_h07_w08.npy at position (18, 7, 8) (fg=0.4974%)
Loaded: week3_d18_h08_w02.npy at position (18, 8, 2) (fg=0.6470%)
Loaded: week3_d18_h08_w03.npy at position (18, 8, 3) (fg=0.2563%)
Loaded: week3_d18_h08_w04.npy at position (18, 8, 4) (fg=0.5707%)
Loaded: week3_d18_h08_w05.npy at position (18, 8, 5) (fg=1.8188%)
Loaded: week3_d18_h08_w13.npy at position (18, 8, 13) (fg=0.7599%)
Loaded: week3_d18_h09_w01.npy at position (18, 9, 1) (fg=0.3693%)
Loaded: week3_d18_h09_w02.npy at position (18, 9, 2) (fg=0.0641%)
Loaded: week3_d18_h09_w04.npy at position (18, 9, 4) (fg=0.1862%)
Loaded: week3_d18_h09_w12.npy at position (18, 9, 12) (fg=0.0610%)
Loaded: week3_d18_h09_w13.npy at position (18, 9, 13) (fg=1.0559%)
Loaded: week3_d18_h10_w12.npy at position (18, 10, 12) (fg=0.5829%)
Loaded: week3_d18_h11_w12.npy at position (18, 11, 12) (fg=0.4578%)
Loaded: week3_d18_h12_w04.npy at position (18, 12, 4) (fg=1.4740%)
Loaded: week3_d19_h05_w07.npy at position (19, 5, 7) (fg=0.3143%)
Loaded: week3_d19_h06_w07.npy at position (19, 6, 7) (fg=0.6561%)
Loaded: week3_d19_h06_w08.npy at position (19, 6, 8) (fg=0.4852%)
Loaded: week3_d19_h06_w09.npy at position (19, 6, 9) (fg=2.1240%)
Loaded: week3_d19_h06_w13.npy at position (19, 6, 13) (fg=0.1282%)
Loaded: week3_d19_h07_w04.npy at position (19, 7, 4) (fg=0.3693%)
Loaded: week3_d19_h07_w05.npy at position (19, 7, 5) (fg=0.1862%)
Loaded: week3_d19_h07_w07.npy at position (19, 7, 7) (fg=0.5707%)
Loaded: week3_d19_h07_w08.npy at position (19, 7, 8) (fg=0.4120%)
Loaded: week3_d19_h07_w13.npy at position (19, 7, 13) (fg=1.1261%)
Loaded: week3_d19_h08_w03.npy at position (19, 8, 3) (fg=0.3906%)
Loaded: week3_d19_h08_w04.npy at position (19, 8, 4) (fg=0.3204%)
Loaded: week3_d19_h08_w05.npy at position (19, 8, 5) (fg=1.9043%)
Loaded: week3_d19_h08_w13.npy at position (19, 8, 13) (fg=0.3418%)
Loaded: week3_d19_h09_w11.npy at position (19, 9, 11) (fg=0.4700%)
Loaded: week3_d19_h09_w12.npy at position (19, 9, 12) (fg=0.3387%)
Loaded: week3_d19_h10_w12.npy at position (19, 10, 12) (fg=0.9338%)
Loaded: week3_d19_h11_w04.npy at position (19, 11, 4) (fg=0.1251%)
Loaded: week3_d19_h11_w05.npy at position (19, 11, 5) (fg=0.8392%)
Loaded: week3_d19_h12_w04.npy at position (19, 12, 4) (fg=1.4587%)
Loaded: week3_d20_h05_w07.npy at position (20, 5, 7) (fg=0.4211%)
Loaded: week3_d20_h06_w05.npy at position (20, 6, 5) (fg=0.2533%)
Loaded: week3_d20_h06_w06.npy at position (20, 6, 6) (fg=0.3082%)
Loaded: week3_d20_h06_w07.npy at position (20, 6, 7) (fg=0.4669%)
Loaded: week3_d20_h06_w08.npy at position (20, 6, 8) (fg=3.2104%)
Loaded: week3_d20_h06_w13.npy at position (20, 6, 13) (fg=0.8698%)
Loaded: week3_d20_h07_w04.npy at position (20, 7, 4) (fg=0.1007%)
Loaded: week3_d20_h07_w05.npy at position (20, 7, 5) (fg=1.2665%)
Loaded: week3_d20_h07_w06.npy at position (20, 7, 6) (fg=1.1017%)
Loaded: week3_d20_h07_w08.npy at position (20, 7, 8) (fg=0.0336%)
Loaded: week3_d20_h07_w09.npy at position (20, 7, 9) (fg=0.0702%)
Loaded: week3_d20_h08_w05.npy at position (20, 8, 5) (fg=0.1190%)
Loaded: week3_d20_h08_w06.npy at position (20, 8, 6) (fg=0.7446%)
Loaded: week3_d20_h08_w09.npy at position (20, 8, 9) (fg=0.6927%)
Loaded: week3_d20_h08_w10.npy at position (20, 8, 10) (fg=0.5280%)
Loaded: week3_d20_h09_w06.npy at position (20, 9, 6) (fg=0.0458%)
Loaded: week3_d20_h09_w10.npy at position (20, 9, 10) (fg=0.3540%)
Loaded: week3_d20_h09_w11.npy at position (20, 9, 11) (fg=0.4700%)
Loaded: week3_d20_h10_w05.npy at position (20, 10, 5) (fg=1.8280%)
Loaded: week3_d20_h10_w06.npy at position (20, 10, 6) (fg=0.0580%)
Loaded: week3_d20_h11_w05.npy at position (20, 11, 5) (fg=0.8148%)
Loaded: week3_d21_h03_w12.npy at position (21, 3, 12) (fg=0.4852%)
Loaded: week3_d21_h03_w13.npy at position (21, 3, 13) (fg=0.0458%)
Loaded: week3_d21_h04_w12.npy at position (21, 4, 12) (fg=0.0153%)
Loaded: week3_d21_h04_w13.npy at position (21, 4, 13) (fg=0.9064%)
Loaded: week3_d21_h05_w07.npy at position (21, 5, 7) (fg=0.0793%)
Loaded: week3_d21_h05_w13.npy at position (21, 5, 13) (fg=0.8942%)
Loaded: week3_d21_h06_w06.npy at position (21, 6, 6) (fg=0.4578%)
Loaded: week3_d21_h06_w07.npy at position (21, 6, 7) (fg=0.8087%)
Loaded: week3_d21_h06_w08.npy at position (21, 6, 8) (fg=3.5461%)
Loaded: week3_d21_h06_w13.npy at position (21, 6, 13) (fg=0.3571%)
Loaded: week3_d21_h07_w06.npy at position (21, 7, 6) (fg=1.7426%)
Loaded: week3_d21_h07_w08.npy at position (21, 7, 8) (fg=1.0101%)
Loaded: week3_d21_h07_w09.npy at position (21, 7, 9) (fg=0.1251%)
Loaded: week3_d21_h08_w06.npy at position (21, 8, 6) (fg=1.5564%)
Loaded: week3_d21_h08_w07.npy at position (21, 8, 7) (fg=0.4059%)
Loaded: week3_d21_h09_w06.npy at position (21, 9, 6) (fg=2.0203%)
Loaded: week3_d21_h10_w05.npy at position (21, 10, 5) (fg=0.0610%)
Loaded: week3_d21_h10_w06.npy at position (21, 10, 6) (fg=0.1160%)
Loaded: week3_d22_h01_w08.npy at position (22, 1, 8) (fg=0.2899%)
Loaded: week3_d22_h02_w08.npy at position (22, 2, 8) (fg=0.9521%)
Loaded: week3_d22_h02_w11.npy at position (22, 2, 11) (fg=0.7904%)
Loaded: week3_d22_h02_w12.npy at position (22, 2, 12) (fg=0.5859%)
Loaded: week3_d22_h03_w08.npy at position (22, 3, 8) (fg=0.9338%)
Loaded: week3_d22_h03_w12.npy at position (22, 3, 12) (fg=0.6531%)
Loaded: week3_d22_h04_w08.npy at position (22, 4, 8) (fg=1.0895%)
Loaded: week3_d22_h05_w08.npy at position (22, 5, 8) (fg=0.9186%)
Loaded: week3_d22_h06_w07.npy at position (22, 6, 7) (fg=8.7463%)
Loaded: week3_d22_h06_w08.npy at position (22, 6, 8) (fg=2.4109%)
Loaded: week3_d22_h07_w06.npy at position (22, 7, 6) (fg=0.6317%)
Loaded: week3_d22_h07_w07.npy at position (22, 7, 7) (fg=10.3912%)
Loaded: week3_d22_h08_w06.npy at position (22, 8, 6) (fg=0.0122%)
Loaded: week3_d22_h08_w07.npy at position (22, 8, 7) (fg=0.6989%)
Loaded: week3_d23_h00_w08.npy at position (23, 0, 8) (fg=0.0427%)
Loaded: week3_d23_h00_w09.npy at position (23, 0, 9) (fg=0.6470%)
Loaded: week3_d23_h01_w08.npy at position (23, 1, 8) (fg=0.2380%)
Loaded: week3_d23_h01_w09.npy at position (23, 1, 9) (fg=0.1831%)
Loaded: week3_d23_h01_w10.npy at position (23, 1, 10) (fg=0.9399%)
Loaded: week3_d23_h01_w11.npy at position (23, 1, 11) (fg=0.5310%)
Loaded: week3_d23_h02_w11.npy at position (23, 2, 11) (fg=0.1862%)
Loaded: week3_d23_h06_w07.npy at position (23, 6, 7) (fg=0.8240%)
Loaded: week3_d23_h07_w06.npy at position (23, 7, 6) (fg=0.6500%)
Loaded: week3_d23_h07_w07.npy at position (23, 7, 7) (fg=1.2299%)
Loaded: week3_d23_h08_w06.npy at position (23, 8, 6) (fg=4.4189%)
Loaded: week3_d23_h08_w07.npy at position (23, 8, 7) (fg=0.0732%)
Loaded: week3_d24_h08_w06.npy at position (24, 8, 6) (fg=4.0985%)

Summary: Loaded 449 subvolumes
  Skipped 4451 (fg_ratio < 0.01%)
Loaded 449 validation subvolumes

Loading full ground truth mask from ../../data/rapids-p/week2-joint-root-class.nii.gz...
Full mask shape (original): (800, 466, 471)
Full mask shape (cropped): (800, 448, 448)
Full mask foreground: 0.0237%
Training on device: cuda
Input size: 32x32 -> Using small network architecture
Network parameters: 74,274

============================================================
Starting training with global DICE evaluation
  - Training subvolumes: 193
  - Epochs: 50
  - Global eval every: 1 epochs
  - Full volume shape: (800, 448, 448)
  - Continuity coef: 0.0 (decay: 0.5)
  - Gradient coef: 0.0
  - Manhattan coef: 0.0
  - DICE coefficient: 1.0
  - Data augmentation: DISABLED (prob=0.0)
  - Epsilon decay: exponential (smoother)
  - Early stopping patience: 100 epochs
============================================================

Epoch 1/50:   0%|          | 0/193 [00:00<?, ?it/s]Epoch 1/50:   1%|          | 1/193 [00:01<03:34,  1.12s/it]Epoch 1/50:   1%|          | 2/193 [00:02<03:31,  1.11s/it]Epoch 1/50:   2%|▏         | 3/193 [00:03<03:33,  1.12s/it]Epoch 1/50:   2%|▏         | 4/193 [00:04<03:34,  1.13s/it]Epoch 1/50:   3%|▎         | 5/193 [00:05<03:33,  1.14s/it]Epoch 1/50:   3%|▎         | 6/193 [00:06<03:33,  1.14s/it]Epoch 1/50:   4%|▎         | 7/193 [00:07<03:33,  1.15s/it]Epoch 1/50:   4%|▍         | 8/193 [00:09<03:32,  1.15s/it]Epoch 1/50:   5%|▍         | 9/193 [00:10<03:31,  1.15s/it]Epoch 1/50:   5%|▌         | 10/193 [00:11<03:34,  1.17s/it]Epoch 1/50:   6%|▌         | 11/193 [00:12<03:42,  1.22s/it]Epoch 1/50:   6%|▌         | 12/193 [00:14<03:47,  1.26s/it]Epoch 1/50:   7%|▋         | 13/193 [00:15<03:41,  1.23s/it]Epoch 1/50:   7%|▋         | 14/193 [00:16<03:33,  1.19s/it]Epoch 1/50:   8%|▊         | 15/193 [00:17<03:29,  1.18s/it]Epoch 1/50:   8%|▊         | 16/193 [00:18<03:26,  1.17s/it]Epoch 1/50:   9%|▉         | 17/193 [00:19<03:22,  1.15s/it]Epoch 1/50:   9%|▉         | 18/193 [00:20<03:21,  1.15s/it]Epoch 1/50:  10%|▉         | 19/193 [00:22<03:20,  1.15s/it]Epoch 1/50:  10%|█         | 20/193 [00:23<03:17,  1.14s/it]Epoch 1/50:  11%|█         | 21/193 [00:24<03:13,  1.13s/it]Epoch 1/50:  11%|█▏        | 22/193 [00:25<03:14,  1.14s/it]Epoch 1/50:  12%|█▏        | 23/193 [00:26<03:14,  1.15s/it]Epoch 1/50:  12%|█▏        | 24/193 [00:28<03:22,  1.20s/it]Epoch 1/50:  13%|█▎        | 25/193 [00:29<03:25,  1.23s/it]Epoch 1/50:  13%|█▎        | 26/193 [00:30<03:20,  1.20s/it]Epoch 1/50:  14%|█▍        | 27/193 [00:31<03:16,  1.18s/it]Epoch 1/50:  15%|█▍        | 28/193 [00:32<03:13,  1.17s/it]Epoch 1/50:  15%|█▌        | 29/193 [00:33<03:09,  1.15s/it]Epoch 1/50:  16%|█▌        | 30/193 [00:34<03:07,  1.15s/it]Epoch 1/50:  16%|█▌        | 31/193 [00:36<03:06,  1.15s/it]Epoch 1/50:  17%|█▋        | 32/193 [00:37<03:02,  1.13s/it]Epoch 1/50:  17%|█▋        | 33/193 [00:38<03:01,  1.13s/it]Epoch 1/50:  18%|█▊        | 34/193 [00:39<02:59,  1.13s/it]Epoch 1/50:  18%|█▊        | 35/193 [00:40<02:57,  1.12s/it]Epoch 1/50:  19%|█▊        | 36/193 [00:41<02:54,  1.11s/it]Epoch 1/50:  19%|█▉        | 37/193 [00:42<02:59,  1.15s/it]Epoch 1/50:  20%|█▉        | 38/193 [00:44<03:01,  1.17s/it]Epoch 1/50:  20%|██        | 39/193 [00:45<02:57,  1.15s/it]Epoch 1/50:  21%|██        | 40/193 [00:46<02:54,  1.14s/it]Epoch 1/50:  21%|██        | 41/193 [00:47<02:50,  1.12s/it]Epoch 1/50:  22%|██▏       | 42/193 [00:48<02:49,  1.13s/it]Epoch 1/50:  22%|██▏       | 43/193 [00:49<02:49,  1.13s/it]Epoch 1/50:  23%|██▎       | 44/193 [00:50<02:48,  1.13s/it]Epoch 1/50:  23%|██▎       | 45/193 [00:51<02:43,  1.11s/it]Epoch 1/50:  24%|██▍       | 46/193 [00:52<02:41,  1.10s/it]Epoch 1/50:  24%|██▍       | 47/193 [00:54<02:42,  1.12s/it]Epoch 1/50:  25%|██▍       | 48/193 [00:55<02:46,  1.15s/it]Epoch 1/50:  25%|██▌       | 49/193 [00:56<02:44,  1.14s/it]Epoch 1/50:  26%|██▌       | 50/193 [00:57<02:40,  1.12s/it]Epoch 1/50:  26%|██▋       | 51/193 [00:58<02:38,  1.12s/it]Epoch 1/50:  27%|██▋       | 52/193 [00:59<02:36,  1.11s/it]Epoch 1/50:  27%|██▋       | 53/193 [01:00<02:36,  1.11s/it]Epoch 1/50:  28%|██▊       | 54/193 [01:01<02:34,  1.11s/it]Epoch 1/50:  28%|██▊       | 55/193 [01:03<02:31,  1.10s/it]Epoch 1/50:  29%|██▉       | 56/193 [01:04<02:31,  1.11s/it]Epoch 1/50:  30%|██▉       | 57/193 [01:05<02:29,  1.10s/it]Epoch 1/50:  30%|███       | 58/193 [01:06<02:26,  1.09s/it]Epoch 1/50:  31%|███       | 59/193 [01:07<02:27,  1.10s/it]Epoch 1/50:  31%|███       | 60/193 [01:08<02:26,  1.10s/it]Epoch 1/50:  32%|███▏      | 61/193 [01:09<02:25,  1.10s/it]Epoch 1/50:  32%|███▏      | 62/193 [01:10<02:25,  1.11s/it]Epoch 1/50:  33%|███▎      | 63/193 [01:12<02:30,  1.16s/it]Epoch 1/50:  33%|███▎      | 64/193 [01:13<02:27,  1.14s/it]Epoch 1/50:  34%|███▎      | 65/193 [01:14<02:25,  1.14s/it]Epoch 1/50:  34%|███▍      | 66/193 [01:15<02:23,  1.13s/it]Epoch 1/50:  35%|███▍      | 67/193 [01:16<02:20,  1.11s/it]Epoch 1/50:  35%|███▌      | 68/193 [01:17<02:17,  1.10s/it]Epoch 1/50:  36%|███▌      | 69/193 [01:18<02:15,  1.09s/it]Epoch 1/50:  36%|███▋      | 70/193 [01:19<02:15,  1.10s/it]Epoch 1/50:  37%|███▋      | 71/193 [01:20<02:14,  1.10s/it]Epoch 1/50:  37%|███▋      | 72/193 [01:21<02:12,  1.09s/it]Epoch 1/50:  38%|███▊      | 73/193 [01:22<02:11,  1.09s/it]Epoch 1/50:  38%|███▊      | 74/193 [01:24<02:11,  1.10s/it]Epoch 1/50:  39%|███▉      | 75/193 [01:25<02:10,  1.11s/it]Epoch 1/50:  39%|███▉      | 76/193 [01:26<02:12,  1.13s/it]Epoch 1/50:  40%|███▉      | 77/193 [01:27<02:09,  1.11s/it]Epoch 1/50:  40%|████      | 78/193 [01:28<02:07,  1.11s/it]Epoch 1/50:  41%|████      | 79/193 [01:29<02:03,  1.09s/it]Epoch 1/50:  41%|████▏     | 80/193 [01:30<02:03,  1.09s/it]Epoch 1/50:  42%|████▏     | 81/193 [01:31<02:00,  1.07s/it]Epoch 1/50:  42%|████▏     | 82/193 [01:32<02:00,  1.09s/it]Epoch 1/50:  43%|████▎     | 83/193 [01:33<02:00,  1.09s/it]Epoch 1/50:  44%|████▎     | 84/193 [01:35<01:58,  1.09s/it]Epoch 1/50:  44%|████▍     | 85/193 [01:36<01:59,  1.10s/it]Epoch 1/50:  45%|████▍     | 86/193 [01:37<01:57,  1.10s/it]Epoch 1/50:  45%|████▌     | 87/193 [01:38<01:55,  1.09s/it]Epoch 1/50:  46%|████▌     | 88/193 [01:39<02:00,  1.14s/it]Epoch 1/50:  46%|████▌     | 89/193 [01:40<02:00,  1.16s/it]Epoch 1/50:  47%|████▋     | 90/193 [01:41<01:54,  1.11s/it]Epoch 1/50:  47%|████▋     | 91/193 [01:42<01:52,  1.11s/it]Epoch 1/50:  48%|████▊     | 92/193 [01:44<01:51,  1.10s/it]Epoch 1/50:  48%|████▊     | 93/193 [01:45<01:56,  1.16s/it]Epoch 1/50:  49%|████▊     | 94/193 [01:46<01:54,  1.15s/it]Epoch 1/50:  49%|████▉     | 95/193 [01:47<01:51,  1.14s/it]Epoch 1/50:  50%|████▉     | 96/193 [01:48<01:47,  1.10s/it]Epoch 1/50:  50%|█████     | 97/193 [01:49<01:45,  1.10s/it]Epoch 1/50:  51%|█████     | 98/193 [01:50<01:46,  1.12s/it]Epoch 1/50:  51%|█████▏    | 99/193 [01:51<01:42,  1.09s/it]Epoch 1/50:  52%|█████▏    | 100/193 [01:52<01:41,  1.10s/it]Epoch 1/50:  52%|█████▏    | 101/193 [01:54<01:41,  1.10s/it]Epoch 1/50:  53%|█████▎    | 102/193 [01:55<01:38,  1.09s/it]Epoch 1/50:  53%|█████▎    | 103/193 [01:56<01:38,  1.09s/it]Epoch 1/50:  54%|█████▍    | 104/193 [01:57<01:43,  1.16s/it]Epoch 1/50:  54%|█████▍    | 105/193 [01:58<01:40,  1.15s/it]Epoch 1/50:  55%|█████▍    | 106/193 [01:59<01:41,  1.16s/it]Epoch 1/50:  55%|█████▌    | 107/193 [02:00<01:38,  1.15s/it]Epoch 1/50:  56%|█████▌    | 108/193 [02:02<01:35,  1.12s/it]Epoch 1/50:  56%|█████▋    | 109/193 [02:03<01:32,  1.10s/it]Epoch 1/50:  57%|█████▋    | 110/193 [02:04<01:29,  1.08s/it]Epoch 1/50:  58%|█████▊    | 111/193 [02:05<01:28,  1.07s/it]Epoch 1/50:  58%|█████▊    | 112/193 [02:06<01:26,  1.07s/it]Epoch 1/50:  59%|█████▊    | 113/193 [02:07<01:24,  1.05s/it]Epoch 1/50:  59%|█████▉    | 114/193 [02:08<01:23,  1.05s/it]Epoch 1/50:  60%|█████▉    | 115/193 [02:09<01:23,  1.07s/it]Epoch 1/50:  60%|██████    | 116/193 [02:10<01:24,  1.09s/it]Epoch 1/50:  61%|██████    | 117/193 [02:11<01:21,  1.07s/it]Epoch 1/50:  61%|██████    | 118/193 [02:12<01:19,  1.06s/it]Epoch 1/50:  62%|██████▏   | 119/193 [02:13<01:18,  1.06s/it]Epoch 1/50:  62%|██████▏   | 120/193 [02:14<01:17,  1.06s/it]Epoch 1/50:  63%|██████▎   | 121/193 [02:15<01:17,  1.08s/it]Epoch 1/50:  63%|██████▎   | 122/193 [02:17<01:18,  1.10s/it]Epoch 1/50:  64%|██████▎   | 123/193 [02:18<01:16,  1.09s/it]Epoch 1/50:  64%|██████▍   | 124/193 [02:19<01:14,  1.07s/it]Epoch 1/50:  65%|██████▍   | 125/193 [02:20<01:12,  1.07s/it]Epoch 1/50:  65%|██████▌   | 126/193 [02:21<01:12,  1.08s/it]Epoch 1/50:  66%|██████▌   | 127/193 [02:22<01:07,  1.02s/it]Epoch 1/50:  66%|██████▋   | 128/193 [02:23<01:05,  1.01s/it]Epoch 1/50:  67%|██████▋   | 129/193 [02:24<01:06,  1.03s/it]Epoch 1/50:  67%|██████▋   | 130/193 [02:25<01:05,  1.04s/it]Epoch 1/50:  68%|██████▊   | 131/193 [02:26<01:05,  1.06s/it]Epoch 1/50:  68%|██████▊   | 132/193 [02:27<01:06,  1.08s/it]Epoch 1/50:  69%|██████▉   | 133/193 [02:28<01:04,  1.07s/it]Epoch 1/50:  69%|██████▉   | 134/193 [02:29<01:05,  1.10s/it]Epoch 1/50:  70%|██████▉   | 135/193 [02:30<01:04,  1.11s/it]Epoch 1/50:  70%|███████   | 136/193 [02:32<01:03,  1.12s/it]Epoch 1/50:  71%|███████   | 137/193 [02:33<01:02,  1.11s/it]Epoch 1/50:  72%|███████▏  | 138/193 [02:34<01:00,  1.10s/it]Epoch 1/50:  72%|███████▏  | 139/193 [02:35<00:59,  1.10s/it]Epoch 1/50:  73%|███████▎  | 140/193 [02:36<00:57,  1.09s/it]Epoch 1/50:  73%|███████▎  | 141/193 [02:37<00:55,  1.06s/it]Epoch 1/50:  74%|███████▎  | 142/193 [02:38<00:54,  1.07s/it]Epoch 1/50:  74%|███████▍  | 143/193 [02:39<00:53,  1.07s/it]Epoch 1/50:  75%|███████▍  | 144/193 [02:40<00:52,  1.07s/it]Epoch 1/50:  75%|███████▌  | 145/193 [02:41<00:51,  1.07s/it]Epoch 1/50:  76%|███████▌  | 146/193 [02:42<00:50,  1.07s/it]Epoch 1/50:  76%|███████▌  | 147/193 [02:43<00:51,  1.12s/it]Epoch 1/50:  77%|███████▋  | 148/193 [02:45<00:50,  1.12s/it]Epoch 1/50:  77%|███████▋  | 149/193 [02:46<00:49,  1.12s/it]Epoch 1/50:  78%|███████▊  | 150/193 [02:47<00:46,  1.08s/it]Epoch 1/50:  78%|███████▊  | 151/193 [02:48<00:46,  1.10s/it]Epoch 1/50:  79%|███████▉  | 152/193 [02:49<00:44,  1.10s/it]Epoch 1/50:  79%|███████▉  | 153/193 [02:50<00:43,  1.08s/it]Epoch 1/50:  80%|███████▉  | 154/193 [02:51<00:41,  1.06s/it]Epoch 1/50:  80%|████████  | 155/193 [02:52<00:39,  1.04s/it]Epoch 1/50:  81%|████████  | 156/193 [02:53<00:39,  1.06s/it]Epoch 1/50:  81%|████████▏ | 157/193 [02:54<00:37,  1.05s/it]Epoch 1/50:  82%|████████▏ | 158/193 [02:55<00:37,  1.07s/it]Epoch 1/50:  82%|████████▏ | 159/193 [02:56<00:37,  1.10s/it]Epoch 1/50:  83%|████████▎ | 160/193 [02:57<00:35,  1.08s/it]Epoch 1/50:  83%|████████▎ | 161/193 [02:59<00:34,  1.09s/it]Epoch 1/50:  84%|████████▍ | 162/193 [03:00<00:33,  1.08s/it]Epoch 1/50:  84%|████████▍ | 163/193 [03:01<00:32,  1.07s/it]Epoch 1/50:  85%|████████▍ | 164/193 [03:02<00:30,  1.07s/it]Epoch 1/50:  85%|████████▌ | 165/193 [03:03<00:29,  1.06s/it]Epoch 1/50:  86%|████████▌ | 166/193 [03:04<00:29,  1.08s/it]Epoch 1/50:  87%|████████▋ | 167/193 [03:05<00:27,  1.07s/it]Epoch 1/50:  87%|████████▋ | 168/193 [03:06<00:26,  1.07s/it]Epoch 1/50:  88%|████████▊ | 169/193 [03:07<00:24,  1.03s/it]Epoch 1/50:  88%|████████▊ | 170/193 [03:08<00:23,  1.04s/it]Epoch 1/50:  89%|████████▊ | 171/193 [03:09<00:23,  1.06s/it]Epoch 1/50:  89%|████████▉ | 172/193 [03:10<00:23,  1.11s/it]Epoch 1/50:  90%|████████▉ | 173/193 [03:12<00:22,  1.15s/it]Epoch 1/50:  90%|█████████ | 174/193 [03:13<00:21,  1.13s/it]Epoch 1/50:  91%|█████████ | 175/193 [03:14<00:20,  1.11s/it]Epoch 1/50:  91%|█████████ | 176/193 [03:15<00:17,  1.05s/it]Epoch 1/50:  92%|█████████▏| 177/193 [03:16<00:16,  1.05s/it]Epoch 1/50:  92%|█████████▏| 178/193 [03:17<00:15,  1.05s/it]Epoch 1/50:  93%|█████████▎| 179/193 [03:18<00:14,  1.07s/it]Epoch 1/50:  93%|█████████▎| 180/193 [03:19<00:14,  1.08s/it]Epoch 1/50:  94%|█████████▍| 181/193 [03:20<00:13,  1.09s/it]Epoch 1/50:  94%|█████████▍| 182/193 [03:21<00:12,  1.09s/it]Epoch 1/50:  95%|█████████▍| 183/193 [03:22<00:10,  1.09s/it]Epoch 1/50:  95%|█████████▌| 184/193 [03:23<00:09,  1.06s/it]Epoch 1/50:  96%|█████████▌| 185/193 [03:24<00:08,  1.06s/it]Epoch 1/50:  96%|█████████▋| 186/193 [03:25<00:07,  1.08s/it]Epoch 1/50:  97%|█████████▋| 187/193 [03:27<00:06,  1.14s/it]Epoch 1/50:  97%|█████████▋| 188/193 [03:28<00:05,  1.11s/it]Epoch 1/50:  98%|█████████▊| 189/193 [03:29<00:04,  1.11s/it]Epoch 1/50:  98%|█████████▊| 190/193 [03:30<00:03,  1.09s/it]Epoch 1/50:  99%|█████████▉| 191/193 [03:31<00:02,  1.05s/it]Epoch 1/50:  99%|█████████▉| 192/193 [03:32<00:01,  1.03s/it]Epoch 1/50: 100%|██████████| 193/193 [03:33<00:00,  1.04s/it]Epoch 1/50: 100%|██████████| 193/193 [03:33<00:00,  1.11s/it]

[Epoch 1] Computing global DICE on full volume...
  GLOBAL DICE: 0.7624
  GLOBAL IoU:  0.6160
  Precision:   0.8675
  Recall:      0.6800
  TP: 25,890 | FP: 3,953 | FN: 12,186
  [VAL] Loss: 0.005533
  [VAL] DICE: 0.6159 | IoU: 0.4450
  [VAL] Precision: 0.6370 | Recall: 0.5962
  [NEW BEST] Saved best model (val DICE=0.6159)
Epoch 1/50 | Time: 295.3s | Loss: 0.0059 | ε: 0.885
  Returns - Total: -15413.73 | Base: -15413.75 | Cont: 0.00 | Grad: 0.00| DICE: 0.01 | Manhattan: 0.00
Epoch 2/50:   0%|          | 0/193 [00:00<?, ?it/s]Epoch 2/50:   1%|          | 1/193 [00:00<02:55,  1.09it/s]Epoch 2/50:   1%|          | 2/193 [00:01<03:11,  1.00s/it]Epoch 2/50:   2%|▏         | 3/193 [00:03<03:31,  1.11s/it]Epoch 2/50:   2%|▏         | 4/193 [00:04<03:26,  1.09s/it]Epoch 2/50:   3%|▎         | 5/193 [00:05<03:27,  1.11s/it]Epoch 2/50:   3%|▎         | 6/193 [00:06<03:13,  1.03s/it]Epoch 2/50:   4%|▎         | 7/193 [00:07<03:12,  1.03s/it]Epoch 2/50:   4%|▍         | 8/193 [00:08<03:09,  1.02s/it]Epoch 2/50:   5%|▍         | 9/193 [00:09<03:12,  1.05s/it]Epoch 2/50:   5%|▌         | 10/193 [00:10<03:08,  1.03s/it]Epoch 2/50:   6%|▌         | 11/193 [00:11<03:10,  1.05s/it]Epoch 2/50:   6%|▌         | 12/193 [00:12<03:09,  1.05s/it]Epoch 2/50:   7%|▋         | 13/193 [00:13<03:13,  1.08s/it]Epoch 2/50:   7%|▋         | 14/193 [00:14<03:17,  1.11s/it]Epoch 2/50:   8%|▊         | 15/193 [00:15<03:14,  1.09s/it]Epoch 2/50:   8%|▊         | 16/193 [00:16<03:06,  1.06s/it]Epoch 2/50:   9%|▉         | 17/193 [00:17<03:05,  1.05s/it]Epoch 2/50:   9%|▉         | 18/193 [00:18<03:01,  1.04s/it]Epoch 2/50:  10%|▉         | 19/193 [00:20<03:04,  1.06s/it]Epoch 2/50:  10%|█         | 20/193 [00:21<03:03,  1.06s/it]Epoch 2/50:  11%|█         | 21/193 [00:22<03:00,  1.05s/it]Epoch 2/50:  11%|█▏        | 22/193 [00:23<03:00,  1.05s/it]Epoch 2/50:  12%|█▏        | 23/193 [00:24<03:01,  1.07s/it]Epoch 2/50:  12%|█▏        | 24/193 [00:25<02:57,  1.05s/it]Epoch 2/50:  13%|█▎        | 25/193 [00:26<02:57,  1.06s/it]Epoch 2/50:  13%|█▎        | 26/193 [00:27<03:05,  1.11s/it]Epoch 2/50:  14%|█▍        | 27/193 [00:28<03:05,  1.12s/it]Epoch 2/50:  15%|█▍        | 28/193 [00:29<03:00,  1.09s/it]Epoch 2/50:  15%|█▌        | 29/193 [00:30<02:57,  1.08s/it]Epoch 2/50:  16%|█▌        | 30/193 [00:31<02:52,  1.06s/it]Epoch 2/50:  16%|█▌        | 31/193 [00:32<02:48,  1.04s/it]Epoch 2/50:  17%|█▋        | 32/193 [00:33<02:44,  1.02s/it]Epoch 2/50:  17%|█▋        | 33/193 [00:34<02:44,  1.03s/it]Epoch 2/50:  18%|█▊        | 34/193 [00:35<02:39,  1.00s/it]Epoch 2/50:  18%|█▊        | 35/193 [00:36<02:44,  1.04s/it]Epoch 2/50:  19%|█▊        | 36/193 [00:38<02:48,  1.07s/it]Epoch 2/50:  19%|█▉        | 37/193 [00:39<02:48,  1.08s/it]Epoch 2/50:  20%|█▉        | 38/193 [00:40<02:44,  1.06s/it]Epoch 2/50:  20%|██        | 39/193 [00:41<02:39,  1.04s/it]Epoch 2/50:  21%|██        | 40/193 [00:42<02:39,  1.05s/it]Epoch 2/50:  21%|██        | 41/193 [00:43<02:37,  1.04s/it]Epoch 2/50:  22%|██▏       | 42/193 [00:44<02:46,  1.10s/it]Epoch 2/50:  22%|██▏       | 43/193 [00:45<02:41,  1.08s/it]Epoch 2/50:  23%|██▎       | 44/193 [00:46<02:41,  1.09s/it]Epoch 2/50:  23%|██▎       | 45/193 [00:47<02:36,  1.05s/it]Epoch 2/50:  24%|██▍       | 46/193 [00:48<02:30,  1.02s/it]Epoch 2/50:  24%|██▍       | 47/193 [00:49<02:28,  1.02s/it]Epoch 2/50:  25%|██▍       | 48/193 [00:50<02:24,  1.00it/s]Epoch 2/50:  25%|██▌       | 49/193 [00:51<02:27,  1.02s/it]Epoch 2/50:  26%|██▌       | 50/193 [00:52<02:29,  1.04s/it]Epoch 2/50:  26%|██▋       | 51/193 [00:53<02:24,  1.02s/it]Epoch 2/50:  27%|██▋       | 52/193 [00:54<02:18,  1.02it/s]Epoch 2/50:  27%|██▋       | 53/193 [00:55<02:23,  1.03s/it]Epoch 2/50:  28%|██▊       | 54/193 [00:56<02:26,  1.05s/it]Epoch 2/50:  28%|██▊       | 55/193 [00:57<02:28,  1.08s/it]Epoch 2/50:  29%|██▉       | 56/193 [00:58<02:22,  1.04s/it]Epoch 2/50:  30%|██▉       | 57/193 [01:00<02:24,  1.06s/it]Epoch 2/50:  30%|███       | 58/193 [01:01<02:23,  1.06s/it]Epoch 2/50:  31%|███       | 59/193 [01:02<02:20,  1.05s/it]Epoch 2/50:  31%|███       | 60/193 [01:03<02:19,  1.05s/it]Epoch 2/50:  32%|███▏      | 61/193 [01:04<02:18,  1.05s/it]Epoch 2/50:  32%|███▏      | 62/193 [01:05<02:18,  1.05s/it]Epoch 2/50:  33%|███▎      | 63/193 [01:06<02:16,  1.05s/it]Epoch 2/50:  33%|███▎      | 64/193 [01:07<02:08,  1.01it/s]Epoch 2/50:  34%|███▎      | 65/193 [01:08<02:07,  1.00it/s]Epoch 2/50:  34%|███▍      | 66/193 [01:09<02:04,  1.02it/s]Epoch 2/50:  35%|███▍      | 67/193 [01:10<02:04,  1.01it/s]Epoch 2/50:  35%|███▌      | 68/193 [01:11<02:06,  1.01s/it]Epoch 2/50:  36%|███▌      | 69/193 [01:12<02:08,  1.04s/it]Epoch 2/50:  36%|███▋      | 70/193 [01:13<02:06,  1.03s/it]Epoch 2/50:  37%|███▋      | 71/193 [01:14<02:05,  1.03s/it]Epoch 2/50:  37%|███▋      | 72/193 [01:15<02:07,  1.05s/it]Epoch 2/50:  38%|███▊      | 73/193 [01:16<02:03,  1.03s/it]Epoch 2/50:  38%|███▊      | 74/193 [01:17<01:59,  1.00s/it]Epoch 2/50:  39%|███▉      | 75/193 [01:18<01:58,  1.01s/it]Epoch 2/50:  39%|███▉      | 76/193 [01:19<01:58,  1.02s/it]Epoch 2/50:  40%|███▉      | 77/193 [01:20<01:55,  1.00it/s]Epoch 2/50:  40%|████      | 78/193 [01:21<01:53,  1.02it/s]Epoch 2/50:  41%|████      | 79/193 [01:22<01:53,  1.00it/s]Epoch 2/50:  41%|████▏     | 80/193 [01:23<01:53,  1.01s/it]Epoch 2/50:  42%|████▏     | 81/193 [01:24<01:49,  1.03it/s]Epoch 2/50:  42%|████▏     | 82/193 [01:25<01:57,  1.05s/it]Epoch 2/50:  43%|████▎     | 83/193 [01:26<01:55,  1.05s/it]Epoch 2/50:  44%|████▎     | 84/193 [01:27<01:48,  1.01it/s]Epoch 2/50:  44%|████▍     | 85/193 [01:28<01:48,  1.00s/it]Epoch 2/50:  45%|████▍     | 86/193 [01:29<01:48,  1.02s/it]Epoch 2/50:  45%|████▌     | 87/193 [01:30<01:43,  1.02it/s]Epoch 2/50:  46%|████▌     | 88/193 [01:31<01:43,  1.02it/s]Epoch 2/50:  46%|████▌     | 89/193 [01:32<01:44,  1.00s/it]Epoch 2/50:  47%|████▋     | 90/193 [01:33<01:43,  1.00s/it]Epoch 2/50:  47%|████▋     | 91/193 [01:34<01:44,  1.02s/it]Epoch 2/50:  48%|████▊     | 92/193 [01:35<01:43,  1.03s/it]Epoch 2/50:  48%|████▊     | 93/193 [01:36<01:40,  1.00s/it]Epoch 2/50:  49%|████▊     | 94/193 [01:37<01:41,  1.02s/it]Epoch 2/50:  49%|████▉     | 95/193 [01:38<01:44,  1.06s/it]Epoch 2/50:  50%|████▉     | 96/193 [01:39<01:43,  1.07s/it]Epoch 2/50:  50%|█████     | 97/193 [01:40<01:41,  1.06s/it]Epoch 2/50:  51%|█████     | 98/193 [01:41<01:40,  1.06s/it]Epoch 2/50:  51%|█████▏    | 99/193 [01:42<01:38,  1.05s/it]Epoch 2/50:  52%|█████▏    | 100/193 [01:43<01:37,  1.05s/it]Epoch 2/50:  52%|█████▏    | 101/193 [01:44<01:35,  1.04s/it]Epoch 2/50:  53%|█████▎    | 102/193 [01:46<01:35,  1.05s/it]Epoch 2/50:  53%|█████▎    | 103/193 [01:47<01:33,  1.04s/it]Epoch 2/50:  54%|█████▍    | 104/193 [01:48<01:31,  1.03s/it]Epoch 2/50:  54%|█████▍    | 105/193 [01:49<01:30,  1.03s/it]Epoch 2/50:  55%|█████▍    | 106/193 [01:50<01:28,  1.02s/it]Epoch 2/50:  55%|█████▌    | 107/193 [01:51<01:33,  1.09s/it]Epoch 2/50:  56%|█████▌    | 108/193 [01:52<01:29,  1.05s/it]Epoch 2/50:  56%|█████▋    | 109/193 [01:53<01:28,  1.06s/it]Epoch 2/50:  57%|█████▋    | 110/193 [01:54<01:25,  1.03s/it]Epoch 2/50:  58%|█████▊    | 111/193 [01:55<01:24,  1.03s/it]Epoch 2/50:  58%|█████▊    | 112/193 [01:56<01:23,  1.02s/it]Epoch 2/50:  59%|█████▊    | 113/193 [01:57<01:19,  1.00it/s]Epoch 2/50:  59%|█████▉    | 114/193 [01:58<01:17,  1.02it/s]Epoch 2/50:  60%|█████▉    | 115/193 [01:59<01:15,  1.03it/s]Epoch 2/50:  60%|██████    | 116/193 [02:00<01:13,  1.05it/s]Epoch 2/50:  61%|██████    | 117/193 [02:01<01:13,  1.03it/s]Epoch 2/50:  61%|██████    | 118/193 [02:02<01:13,  1.02it/s]Epoch 2/50:  62%|██████▏   | 119/193 [02:03<01:11,  1.03it/s]Epoch 2/50:  62%|██████▏   | 120/193 [02:04<01:10,  1.03it/s]Epoch 2/50:  63%|██████▎   | 121/193 [02:04<01:09,  1.04it/s]Epoch 2/50:  63%|██████▎   | 122/193 [02:05<01:09,  1.03it/s]Epoch 2/50:  64%|██████▎   | 123/193 [02:06<01:07,  1.04it/s]Epoch 2/50:  64%|██████▍   | 124/193 [02:07<01:07,  1.02it/s]Epoch 2/50:  65%|██████▍   | 125/193 [02:08<01:07,  1.01it/s]Epoch 2/50:  65%|██████▌   | 126/193 [02:09<01:04,  1.04it/s]Epoch 2/50:  66%|██████▌   | 127/193 [02:10<01:04,  1.02it/s]Epoch 2/50:  66%|██████▋   | 128/193 [02:11<01:00,  1.07it/s]Epoch 2/50:  67%|██████▋   | 129/193 [02:12<00:59,  1.07it/s]Epoch 2/50:  67%|██████▋   | 130/193 [02:13<01:01,  1.03it/s]Epoch 2/50:  68%|██████▊   | 131/193 [02:14<01:01,  1.01it/s]Epoch 2/50:  68%|██████▊   | 132/193 [02:15<01:03,  1.04s/it]Epoch 2/50:  69%|██████▉   | 133/193 [02:17<01:04,  1.08s/it]Epoch 2/50:  69%|██████▉   | 134/193 [02:18<01:01,  1.05s/it]Epoch 2/50:  70%|██████▉   | 135/193 [02:18<00:59,  1.02s/it]Epoch 2/50:  70%|███████   | 136/193 [02:19<00:55,  1.02it/s]Epoch 2/50:  71%|███████   | 137/193 [02:20<00:55,  1.01it/s]Epoch 2/50:  72%|███████▏  | 138/193 [02:21<00:54,  1.01it/s]Epoch 2/50:  72%|███████▏  | 139/193 [02:22<00:51,  1.05it/s]Epoch 2/50:  73%|███████▎  | 140/193 [02:23<00:51,  1.02it/s]Epoch 2/50:  73%|███████▎  | 141/193 [02:24<00:50,  1.03it/s]Epoch 2/50:  74%|███████▎  | 142/193 [02:25<00:51,  1.01s/it]Epoch 2/50:  74%|███████▍  | 143/193 [02:26<00:51,  1.03s/it]Epoch 2/50:  75%|███████▍  | 144/193 [02:27<00:49,  1.01s/it]Epoch 2/50:  75%|███████▌  | 145/193 [02:28<00:48,  1.01s/it]Epoch 2/50:  76%|███████▌  | 146/193 [02:29<00:44,  1.05it/s]Epoch 2/50:  76%|███████▌  | 147/193 [02:30<00:43,  1.06it/s]Epoch 2/50:  77%|███████▋  | 148/193 [02:31<00:47,  1.06s/it]Epoch 2/50:  77%|███████▋  | 149/193 [02:33<00:49,  1.13s/it]Epoch 2/50:  78%|███████▊  | 150/193 [02:34<00:49,  1.14s/it]Epoch 2/50:  78%|███████▊  | 151/193 [02:35<00:46,  1.10s/it]Epoch 2/50:  79%|███████▉  | 152/193 [02:36<00:44,  1.07s/it]Epoch 2/50:  79%|███████▉  | 153/193 [02:37<00:41,  1.03s/it]Epoch 2/50:  80%|███████▉  | 154/193 [02:38<00:39,  1.02s/it]Epoch 2/50:  80%|████████  | 155/193 [02:39<00:38,  1.01s/it]Epoch 2/50:  81%|████████  | 156/193 [02:40<00:37,  1.01s/it]Epoch 2/50:  81%|████████▏ | 157/193 [02:41<00:36,  1.00s/it]Epoch 2/50:  82%|████████▏ | 158/193 [02:42<00:35,  1.00s/it]Epoch 2/50:  82%|████████▏ | 159/193 [02:43<00:35,  1.03s/it]Epoch 2/50:  83%|████████▎ | 160/193 [02:44<00:33,  1.02s/it]Epoch 2/50:  83%|████████▎ | 161/193 [02:45<00:33,  1.06s/it]Epoch 2/50:  84%|████████▍ | 162/193 [02:46<00:33,  1.08s/it]Epoch 2/50:  84%|████████▍ | 163/193 [02:47<00:31,  1.06s/it]Epoch 2/50:  85%|████████▍ | 164/193 [02:48<00:31,  1.09s/it]Epoch 2/50:  85%|████████▌ | 165/193 [02:49<00:29,  1.05s/it]Epoch 2/50:  86%|████████▌ | 166/193 [02:50<00:27,  1.03s/it]Epoch 2/50:  87%|████████▋ | 167/193 [02:51<00:25,  1.00it/s]Epoch 2/50:  87%|████████▋ | 168/193 [02:52<00:25,  1.01s/it]Epoch 2/50:  88%|████████▊ | 169/193 [02:53<00:23,  1.02it/s]Epoch 2/50:  88%|████████▊ | 170/193 [02:54<00:22,  1.04it/s]Epoch 2/50:  89%|████████▊ | 171/193 [02:55<00:21,  1.03it/s]Epoch 2/50:  89%|████████▉ | 172/193 [02:56<00:20,  1.03it/s]Epoch 2/50:  90%|████████▉ | 173/193 [02:57<00:19,  1.02it/s]Epoch 2/50:  90%|█████████ | 174/193 [02:58<00:18,  1.02it/s]Epoch 2/50:  91%|█████████ | 175/193 [02:59<00:17,  1.01it/s]Epoch 2/50:  91%|█████████ | 176/193 [03:00<00:16,  1.05it/s]Epoch 2/50:  92%|█████████▏| 177/193 [03:01<00:15,  1.05it/s]Epoch 2/50:  92%|█████████▏| 178/193 [03:02<00:14,  1.02it/s]Epoch 2/50:  93%|█████████▎| 179/193 [03:03<00:14,  1.05s/it]Epoch 2/50:  93%|█████████▎| 180/193 [03:04<00:14,  1.10s/it]Epoch 2/50:  94%|█████████▍| 181/193 [03:05<00:13,  1.10s/it]Epoch 2/50:  94%|█████████▍| 182/193 [03:06<00:11,  1.06s/it]Epoch 2/50:  95%|█████████▍| 183/193 [03:07<00:09,  1.01it/s]Epoch 2/50:  95%|█████████▌| 184/193 [03:08<00:08,  1.01it/s]Epoch 2/50:  96%|█████████▌| 185/193 [03:09<00:07,  1.03it/s]Epoch 2/50:  96%|█████████▋| 186/193 [03:10<00:06,  1.02it/s]Epoch 2/50:  97%|█████████▋| 187/193 [03:11<00:06,  1.01s/it]Epoch 2/50:  97%|█████████▋| 188/193 [03:12<00:04,  1.00it/s]Epoch 2/50:  98%|█████████▊| 189/193 [03:13<00:03,  1.00it/s]Epoch 2/50:  98%|█████████▊| 190/193 [03:14<00:02,  1.03it/s]Epoch 2/50:  99%|█████████▉| 191/193 [03:15<00:01,  1.07it/s]Epoch 2/50:  99%|█████████▉| 192/193 [03:16<00:00,  1.09it/s]Epoch 2/50: 100%|██████████| 193/193 [03:17<00:00,  1.07it/s]Epoch 2/50: 100%|██████████| 193/193 [03:17<00:00,  1.02s/it]

[Epoch 2] Computing global DICE on full volume...
  GLOBAL DICE: 0.8540
  GLOBAL IoU:  0.7452
  Precision:   0.8868
  Recall:      0.8235
  TP: 31,356 | FP: 4,004 | FN: 6,720
  [VAL] Loss: 0.005356
  [VAL] DICE: 0.6712 | IoU: 0.5051
  [VAL] Precision: 0.6826 | Recall: 0.6602
  [NEW BEST] Saved best model (val DICE=0.6712)
Epoch 2/50 | Time: 284.7s | Loss: 0.0034 | ε: 0.783
  Returns - Total: -13728.58 | Base: -13728.59 | Cont: 0.00 | Grad: 0.00| DICE: 0.01 | Manhattan: 0.00
Epoch 3/50:   0%|          | 0/193 [00:00<?, ?it/s]Epoch 3/50:   1%|          | 1/193 [00:00<03:11,  1.00it/s]Epoch 3/50:   1%|          | 2/193 [00:02<03:14,  1.02s/it]Epoch 3/50:   2%|▏         | 3/193 [00:02<02:57,  1.07it/s]Epoch 3/50:   2%|▏         | 4/193 [00:03<03:03,  1.03it/s]Epoch 3/50:   3%|▎         | 5/193 [00:05<03:18,  1.06s/it]Epoch 3/50:   3%|▎         | 6/193 [00:06<03:12,  1.03s/it]Epoch 3/50:   4%|▎         | 7/193 [00:07<03:18,  1.07s/it]Epoch 3/50:   4%|▍         | 8/193 [00:08<03:16,  1.06s/it]Epoch 3/50:   5%|▍         | 9/193 [00:09<03:08,  1.02s/it]Epoch 3/50:   5%|▌         | 10/193 [00:10<03:05,  1.02s/it]Epoch 3/50:   6%|▌         | 11/193 [00:11<03:02,  1.00s/it]Epoch 3/50:   6%|▌         | 12/193 [00:12<02:56,  1.03it/s]Epoch 3/50:   7%|▋         | 13/193 [00:13<02:58,  1.01it/s]Epoch 3/50:   7%|▋         | 14/193 [00:13<02:50,  1.05it/s]Epoch 3/50:   8%|▊         | 15/193 [00:14<02:50,  1.05it/s]Epoch 3/50:   8%|▊         | 16/193 [00:15<02:50,  1.04it/s]Epoch 3/50:   9%|▉         | 17/193 [00:16<02:53,  1.01it/s]Epoch 3/50:   9%|▉         | 18/193 [00:17<02:49,  1.03it/s]Epoch 3/50:  10%|▉         | 19/193 [00:18<02:45,  1.05it/s]Epoch 3/50:  10%|█         | 20/193 [00:19<02:46,  1.04it/s]Epoch 3/50:  11%|█         | 21/193 [00:20<02:53,  1.01s/it]Epoch 3/50:  11%|█▏        | 22/193 [00:22<03:00,  1.05s/it]Epoch 3/50:  12%|█▏        | 23/193 [00:23<03:05,  1.09s/it]Epoch 3/50:  12%|█▏        | 24/193 [00:24<02:59,  1.06s/it]Epoch 3/50:  13%|█▎        | 25/193 [00:25<02:53,  1.04s/it]Epoch 3/50:  13%|█▎        | 26/193 [00:26<02:47,  1.00s/it]Epoch 3/50:  14%|█▍        | 27/193 [00:27<02:44,  1.01it/s]Epoch 3/50:  15%|█▍        | 28/193 [00:27<02:37,  1.05it/s]Epoch 3/50:  15%|█▌        | 29/193 [00:28<02:33,  1.07it/s]Epoch 3/50:  16%|█▌        | 30/193 [00:29<02:27,  1.11it/s]Epoch 3/50:  16%|█▌        | 31/193 [00:30<02:32,  1.07it/s]Epoch 3/50:  17%|█▋        | 32/193 [00:31<02:29,  1.07it/s]Epoch 3/50:  17%|█▋        | 33/193 [00:32<02:27,  1.09it/s]Epoch 3/50:  18%|█▊        | 34/193 [00:33<02:30,  1.06it/s]Epoch 3/50:  18%|█▊        | 35/193 [00:34<02:29,  1.05it/s]Epoch 3/50:  19%|█▊        | 36/193 [00:35<02:31,  1.04it/s]Epoch 3/50:  19%|█▉        | 37/193 [00:36<02:33,  1.02it/s]Epoch 3/50:  20%|█▉        | 38/193 [00:37<02:40,  1.03s/it]Epoch 3/50:  20%|██        | 39/193 [00:38<02:43,  1.06s/it]Epoch 3/50:  21%|██        | 40/193 [00:39<02:35,  1.02s/it]Epoch 3/50:  21%|██        | 41/193 [00:40<02:32,  1.00s/it]Epoch 3/50:  22%|██▏       | 42/193 [00:41<02:31,  1.01s/it]Epoch 3/50:  22%|██▏       | 43/193 [00:42<02:25,  1.03it/s]Epoch 3/50:  23%|██▎       | 44/193 [00:43<02:18,  1.07it/s]Epoch 3/50:  23%|██▎       | 45/193 [00:44<02:16,  1.08it/s]Epoch 3/50:  24%|██▍       | 46/193 [00:45<02:15,  1.08it/s]Epoch 3/50:  24%|██▍       | 47/193 [00:46<02:21,  1.03it/s]Epoch 3/50:  25%|██▍       | 48/193 [00:47<02:30,  1.04s/it]Epoch 3/50:  25%|██▌       | 49/193 [00:48<02:36,  1.09s/it]Epoch 3/50:  26%|██▌       | 50/193 [00:49<02:41,  1.13s/it]Epoch 3/50:  26%|██▋       | 51/193 [00:50<02:27,  1.04s/it]Epoch 3/50:  27%|██▋       | 52/193 [00:51<02:20,  1.00it/s]Epoch 3/50:  27%|██▋       | 53/193 [00:52<02:15,  1.03it/s]Epoch 3/50:  28%|██▊       | 54/193 [00:53<02:10,  1.07it/s]Epoch 3/50:  28%|██▊       | 55/193 [00:54<02:10,  1.06it/s]Epoch 3/50:  29%|██▉       | 56/193 [00:55<02:10,  1.05it/s]Epoch 3/50:  30%|██▉       | 57/193 [00:56<02:05,  1.08it/s]Epoch 3/50:  30%|███       | 58/193 [00:57<02:06,  1.07it/s]Epoch 3/50:  31%|███       | 59/193 [00:58<02:08,  1.04it/s]Epoch 3/50:  31%|███       | 60/193 [00:59<02:03,  1.08it/s]Epoch 3/50:  32%|███▏      | 61/193 [01:00<02:05,  1.05it/s]Epoch 3/50:  32%|███▏      | 62/193 [01:01<02:10,  1.00it/s]Epoch 3/50:  32%|███▏      | 62/193 [01:01<02:10,  1.00it/s]
Traceback (most recent call last):
  File "/home/sysadmin/thesis/codebase/dqn_slice_based/main.py", line 1198, in <module>
    results = train_with_global_dice(
  File "/home/sysadmin/thesis/codebase/dqn_slice_based/main.py", line 618, in train_with_global_dice
    q_next = target_net(next_sp_batch, next_ps_batch, next_fs_batch)  # (B, H, W, 2)
  File "/home/sysadmin/.local/lib/python3.10/site-packages/torch/nn/modules/module.py", line 1739, in _wrapped_call_impl
    return self._call_impl(*args, **kwargs)
  File "/home/sysadmin/.local/lib/python3.10/site-packages/torch/nn/modules/module.py", line 1750, in _call_impl
    return forward_call(*args, **kwargs)
  File "/home/sysadmin/thesis/codebase/dqn_slice_based/dqn.py", line 198, in forward
    hist_features = self.history_encoder(x_hist)  # (B, hist_ch, H, W)
  File "/home/sysadmin/.local/lib/python3.10/site-packages/torch/nn/modules/module.py", line 1739, in _wrapped_call_impl
    return self._call_impl(*args, **kwargs)
  File "/home/sysadmin/.local/lib/python3.10/site-packages/torch/nn/modules/module.py", line 1750, in _call_impl
    return forward_call(*args, **kwargs)
  File "/home/sysadmin/.local/lib/python3.10/site-packages/torch/nn/modules/container.py", line 250, in forward
    input = module(input)
  File "/home/sysadmin/.local/lib/python3.10/site-packages/torch/nn/modules/module.py", line 1739, in _wrapped_call_impl
    return self._call_impl(*args, **kwargs)
  File "/home/sysadmin/.local/lib/python3.10/site-packages/torch/nn/modules/module.py", line 1750, in _call_impl
    return forward_call(*args, **kwargs)
  File "/home/sysadmin/.local/lib/python3.10/site-packages/torch/nn/modules/conv.py", line 554, in forward
    return self._conv_forward(input, self.weight, self.bias)
  File "/home/sysadmin/.local/lib/python3.10/site-packages/torch/nn/modules/conv.py", line 549, in _conv_forward
    return F.conv2d(
KeyboardInterrupt
